2022-06-09 09:47:41 [::1][104728][aslaeulfdfpicgi0vntfacppc5][error][yii\base\UnknownPropertyException] yii\base\UnknownPropertyException: Getting unknown property: app\models\Userrole::m72 in C:\wamp64\www\rekrut\app\vendor\yiisoft\yii2\base\Component.php:154
Stack trace:
#0 C:\wamp64\www\rekrut\app\vendor\yiisoft\yii2\db\BaseActiveRecord.php(296): yii\base\Component->__get('m72')
#1 C:\wamp64\www\rekrut\app\vendor\yiisoft\yii2\helpers\BaseHtml.php(2193): yii\db\BaseActiveRecord->__get('m72')
#2 C:\wamp64\www\rekrut\app\vendor\yiisoft\yii2\helpers\BaseHtml.php(1556): yii\helpers\BaseHtml::getAttributeValue(Object(app\models\Userrole), 'm72')
#3 C:\wamp64\www\rekrut\app\vendor\yiisoft\yii2\helpers\BaseHtml.php(1538): yii\helpers\BaseHtml::activeBooleanInput('checkbox', Object(app\models\Userrole), 'm72', Array)
#4 C:\wamp64\www\rekrut\app\vendor\yiisoft\yii2\widgets\ActiveField.php(598): yii\helpers\BaseHtml::activeCheckbox(Object(app\models\Userrole), 'm72', Array)
#5 C:\wamp64\www\rekrut\app\views\userrole\_form.php(307): yii\widgets\ActiveField->checkbox()
#6 C:\wamp64\www\rekrut\app\vendor\yiisoft\yii2\base\View.php(336): require('C:\\wamp64\\www\\r...')
#7 C:\wamp64\www\rekrut\app\vendor\yiisoft\yii2\base\View.php(254): yii\base\View->renderPhpFile('C:\\wamp64\\www\\r...', Array)
#8 C:\wamp64\www\rekrut\app\vendor\yiisoft\yii2\base\View.php(156): yii\base\View->renderFile('C:\\wamp64\\www\\r...', Array, NULL)
#9 C:\wamp64\www\rekrut\app\views\userrole\create.php(16): yii\base\View->render('_form', Array)
#10 C:\wamp64\www\rekrut\app\vendor\yiisoft\yii2\base\View.php(336): require('C:\\wamp64\\www\\r...')
#11 C:\wamp64\www\rekrut\app\vendor\yiisoft\yii2\base\View.php(254): yii\base\View->renderPhpFile('C:\\wamp64\\www\\r...', Array)
#12 C:\wamp64\www\rekrut\app\vendor\yiisoft\yii2\base\View.php(156): yii\base\View->renderFile('C:\\wamp64\\www\\r...', Array, Object(app\controllers\UserroleController))
#13 C:\wamp64\www\rekrut\app\vendor\yiisoft\yii2\base\Controller.php(384): yii\base\View->render('create', Array, Object(app\controllers\UserroleController))
#14 C:\wamp64\www\rekrut\app\controllers\UserroleController.php(110): yii\base\Controller->render('create', Array)
#15 [internal function]: app\controllers\UserroleController->actionCreate()
#16 C:\wamp64\www\rekrut\app\vendor\yiisoft\yii2\base\InlineAction.php(57): call_user_func_array(Array, Array)
#17 C:\wamp64\www\rekrut\app\vendor\yiisoft\yii2\base\Controller.php(157): yii\base\InlineAction->runWithParams(Array)
#18 C:\wamp64\www\rekrut\app\vendor\yiisoft\yii2\base\Module.php(528): yii\base\Controller->runAction('create', Array)
#19 C:\wamp64\www\rekrut\app\vendor\yiisoft\yii2\web\Application.php(103): yii\base\Module->runAction('userrole/create', Array)
#20 C:\wamp64\www\rekrut\app\vendor\yiisoft\yii2\base\Application.php(386): yii\web\Application->handleRequest(Object(yii\web\Request))
#21 C:\wamp64\www\rekrut\index.php(19): yii\base\Application->run()
#22 {main}
2022-06-09 09:47:41 [::1][104728][aslaeulfdfpicgi0vntfacppc5][info][application] $_GET = [
    'userrole/create' => ''
]

$_POST = []

$_FILES = []

$_COOKIE = [
    'PHPSESSID' => 'aslaeulfdfpicgi0vntfacppc5'
    '_csrf' => 'cafdd5093f9336efd75aea721d0f175be974a47b74b19701f24d7e38614d4765a:2:{i:0;s:5:\"_csrf\";i:1;s:32:\"ja1VBuYbu_gh4q6a4x1EYGVHjULuY4Xa\";}'
]

$_SESSION = [
    '__flash' => []
    '__id' => 104728
    '__expire' => 1654746461
]

$_SERVER = [
    'REDIRECT_STATUS' => '200'
    'HTTP_HOST' => 'localhost'
    'HTTP_CONNECTION' => 'keep-alive'
    'HTTP_PRAGMA' => 'no-cache'
    'HTTP_CACHE_CONTROL' => 'no-cache'
    'HTTP_SEC_CH_UA' => '\" Not A;Brand\";v=\"99\", \"Chromium\";v=\"102\", \"Google Chrome\";v=\"102\"'
    'HTTP_SEC_CH_UA_MOBILE' => '?0'
    'HTTP_SEC_CH_UA_PLATFORM' => '\"Windows\"'
    'HTTP_UPGRADE_INSECURE_REQUESTS' => '1'
    'HTTP_USER_AGENT' => 'Mozilla/5.0 (Windows NT 10.0; Win64; x64) AppleWebKit/537.36 (KHTML, like Gecko) Chrome/102.0.5005.63 Safari/537.36'
    'HTTP_ACCEPT' => 'text/html,application/xhtml+xml,application/xml;q=0.9,image/avif,image/webp,image/apng,*/*;q=0.8,application/signed-exchange;v=b3;q=0.9'
    'HTTP_SEC_FETCH_SITE' => 'same-origin'
    'HTTP_SEC_FETCH_MODE' => 'navigate'
    'HTTP_SEC_FETCH_USER' => '?1'
    'HTTP_SEC_FETCH_DEST' => 'document'
    'HTTP_REFERER' => 'http://localhost/rekrut/userrole/index'
    'HTTP_ACCEPT_ENCODING' => 'gzip, deflate, br'
    'HTTP_ACCEPT_LANGUAGE' => 'en-US,en;q=0.9,id;q=0.8'
    'HTTP_COOKIE' => 'PHPSESSID=aslaeulfdfpicgi0vntfacppc5; _csrf=cafdd5093f9336efd75aea721d0f175be974a47b74b19701f24d7e38614d4765a%3A2%3A%7Bi%3A0%3Bs%3A5%3A%22_csrf%22%3Bi%3A1%3Bs%3A32%3A%22ja1VBuYbu_gh4q6a4x1EYGVHjULuY4Xa%22%3B%7D'
    'PATH' => 'C:\\WINDOWS\\system32;C:\\WINDOWS;C:\\WINDOWS\\System32\\Wbem;C:\\WINDOWS\\System32\\WindowsPowerShell\\v1.0\\;C:\\WINDOWS\\System32\\OpenSSH\\;C:\\Program Files\\PuTTY\\;C:\\ProgramData\\ComposerSetup\\bin;C:\\Program Files\\nodejs\\;C:\\Program Files\\Git\\cmd;C:\\wamp64\\bin\\php\\php8.0.13;C:\\wamp64\\bin\\php\\php7.2.34;C:\\WINDOWS\\system32\\config\\systemprofile\\AppData\\Local\\Microsoft\\WindowsApps'
    'SystemRoot' => 'C:\\WINDOWS'
    'COMSPEC' => 'C:\\WINDOWS\\system32\\cmd.exe'
    'PATHEXT' => '.COM;.EXE;.BAT;.CMD;.VBS;.VBE;.JS;.JSE;.WSF;.WSH;.MSC'
    'WINDIR' => 'C:\\WINDOWS'
    'SERVER_SIGNATURE' => '<address>Apache/2.4.51 (Win64) PHP/7.2.34 mod_fcgid/2.3.10-dev Server at localhost Port 80</address>
'
    'SERVER_SOFTWARE' => 'Apache/2.4.51 (Win64) PHP/7.2.34 mod_fcgid/2.3.10-dev'
    'SERVER_NAME' => 'localhost'
    'SERVER_ADDR' => '::1'
    'SERVER_PORT' => '80'
    'REMOTE_ADDR' => '::1'
    'DOCUMENT_ROOT' => 'C:/wamp64/www'
    'REQUEST_SCHEME' => 'http'
    'CONTEXT_PREFIX' => ''
    'CONTEXT_DOCUMENT_ROOT' => 'C:/wamp64/www'
    'SERVER_ADMIN' => 'wampserver@wampserver.invalid'
    'SCRIPT_FILENAME' => 'C:/wamp64/www/rekrut/index.php'
    'REMOTE_PORT' => '54992'
    'REDIRECT_URL' => '/rekrut/userrole/create'
    'REDIRECT_QUERY_STRING' => 'userrole/create'
    'GATEWAY_INTERFACE' => 'CGI/1.1'
    'SERVER_PROTOCOL' => 'HTTP/1.1'
    'REQUEST_METHOD' => 'GET'
    'QUERY_STRING' => 'userrole/create'
    'REQUEST_URI' => '/rekrut/userrole/create'
    'SCRIPT_NAME' => '/rekrut/index.php'
    'PHP_SELF' => '/rekrut/index.php'
    'REQUEST_TIME_FLOAT' => 1654742861.115
    'REQUEST_TIME' => 1654742861
]
2022-06-09 09:49:09 [::1][104728][aslaeulfdfpicgi0vntfacppc5][error][yii\web\HttpException:404] yii\base\InvalidRouteException: Unable to resolve the request "css/frontend/bootstrap.css.map". in C:\wamp64\www\rekrut\app\vendor\yiisoft\yii2\base\Module.php:537
Stack trace:
#0 C:\wamp64\www\rekrut\app\vendor\yiisoft\yii2\web\Application.php(103): yii\base\Module->runAction('css/frontend/bo...', Array)
#1 C:\wamp64\www\rekrut\app\vendor\yiisoft\yii2\base\Application.php(386): yii\web\Application->handleRequest(Object(yii\web\Request))
#2 C:\wamp64\www\rekrut\index.php(19): yii\base\Application->run()
#3 {main}

Next yii\web\NotFoundHttpException: Halaman tidak ditemukan. in C:\wamp64\www\rekrut\app\vendor\yiisoft\yii2\web\Application.php:115
Stack trace:
#0 C:\wamp64\www\rekrut\app\vendor\yiisoft\yii2\base\Application.php(386): yii\web\Application->handleRequest(Object(yii\web\Request))
#1 C:\wamp64\www\rekrut\index.php(19): yii\base\Application->run()
#2 {main}
2022-06-09 09:49:09 [::1][104728][aslaeulfdfpicgi0vntfacppc5][info][application] $_GET = [
    'css/frontend/bootstrap_css_map' => ''
]

$_POST = []

$_FILES = []

$_COOKIE = [
    'PHPSESSID' => 'aslaeulfdfpicgi0vntfacppc5'
    '_csrf' => 'cafdd5093f9336efd75aea721d0f175be974a47b74b19701f24d7e38614d4765a:2:{i:0;s:5:\"_csrf\";i:1;s:32:\"ja1VBuYbu_gh4q6a4x1EYGVHjULuY4Xa\";}'
]

$_SESSION = [
    '__flash' => []
    '__id' => 104728
    '__expire' => 1654746549
]

$_SERVER = [
    'REDIRECT_STATUS' => '200'
    'HTTP_HOST' => 'localhost'
    'HTTP_CONNECTION' => 'keep-alive'
    'HTTP_PRAGMA' => 'no-cache'
    'HTTP_CACHE_CONTROL' => 'no-cache'
    'HTTP_SEC_FETCH_SITE' => 'same-origin'
    'HTTP_SEC_FETCH_MODE' => 'no-cors'
    'HTTP_SEC_FETCH_DEST' => 'empty'
    'HTTP_USER_AGENT' => 'Mozilla/5.0 (Windows NT 10.0; Win64; x64) AppleWebKit/537.36 (KHTML, like Gecko) Chrome/102.0.5005.63 Safari/537.36'
    'HTTP_ACCEPT_ENCODING' => 'gzip, deflate, br'
    'HTTP_ACCEPT_LANGUAGE' => 'en-US,en;q=0.9,id;q=0.8'
    'HTTP_COOKIE' => 'PHPSESSID=aslaeulfdfpicgi0vntfacppc5; _csrf=cafdd5093f9336efd75aea721d0f175be974a47b74b19701f24d7e38614d4765a%3A2%3A%7Bi%3A0%3Bs%3A5%3A%22_csrf%22%3Bi%3A1%3Bs%3A32%3A%22ja1VBuYbu_gh4q6a4x1EYGVHjULuY4Xa%22%3B%7D'
    'PATH' => 'C:\\WINDOWS\\system32;C:\\WINDOWS;C:\\WINDOWS\\System32\\Wbem;C:\\WINDOWS\\System32\\WindowsPowerShell\\v1.0\\;C:\\WINDOWS\\System32\\OpenSSH\\;C:\\Program Files\\PuTTY\\;C:\\ProgramData\\ComposerSetup\\bin;C:\\Program Files\\nodejs\\;C:\\Program Files\\Git\\cmd;C:\\wamp64\\bin\\php\\php8.0.13;C:\\wamp64\\bin\\php\\php7.2.34;C:\\WINDOWS\\system32\\config\\systemprofile\\AppData\\Local\\Microsoft\\WindowsApps'
    'SystemRoot' => 'C:\\WINDOWS'
    'COMSPEC' => 'C:\\WINDOWS\\system32\\cmd.exe'
    'PATHEXT' => '.COM;.EXE;.BAT;.CMD;.VBS;.VBE;.JS;.JSE;.WSF;.WSH;.MSC'
    'WINDIR' => 'C:\\WINDOWS'
    'SERVER_SIGNATURE' => '<address>Apache/2.4.51 (Win64) PHP/7.2.34 mod_fcgid/2.3.10-dev Server at localhost Port 80</address>
'
    'SERVER_SOFTWARE' => 'Apache/2.4.51 (Win64) PHP/7.2.34 mod_fcgid/2.3.10-dev'
    'SERVER_NAME' => 'localhost'
    'SERVER_ADDR' => '::1'
    'SERVER_PORT' => '80'
    'REMOTE_ADDR' => '::1'
    'DOCUMENT_ROOT' => 'C:/wamp64/www'
    'REQUEST_SCHEME' => 'http'
    'CONTEXT_PREFIX' => ''
    'CONTEXT_DOCUMENT_ROOT' => 'C:/wamp64/www'
    'SERVER_ADMIN' => 'wampserver@wampserver.invalid'
    'SCRIPT_FILENAME' => 'C:/wamp64/www/rekrut/index.php'
    'REMOTE_PORT' => '55016'
    'REDIRECT_URL' => '/rekrut/css/frontend/bootstrap.css.map'
    'REDIRECT_QUERY_STRING' => 'css/frontend/bootstrap.css.map'
    'GATEWAY_INTERFACE' => 'CGI/1.1'
    'SERVER_PROTOCOL' => 'HTTP/1.1'
    'REQUEST_METHOD' => 'GET'
    'QUERY_STRING' => 'css/frontend/bootstrap.css.map'
    'REQUEST_URI' => '/rekrut/css/frontend/bootstrap.css.map'
    'SCRIPT_NAME' => '/rekrut/index.php'
    'PHP_SELF' => '/rekrut/index.php'
    'REQUEST_TIME_FLOAT' => 1654742949.709
    'REQUEST_TIME' => 1654742949
]
2022-06-09 09:52:35 [::1][104728][aslaeulfdfpicgi0vntfacppc5][error][yii\web\HttpException:404] yii\base\InvalidRouteException: Unable to resolve the request "css/frontend/bootstrap.css.map". in C:\wamp64\www\rekrut\app\vendor\yiisoft\yii2\base\Module.php:537
Stack trace:
#0 C:\wamp64\www\rekrut\app\vendor\yiisoft\yii2\web\Application.php(103): yii\base\Module->runAction('css/frontend/bo...', Array)
#1 C:\wamp64\www\rekrut\app\vendor\yiisoft\yii2\base\Application.php(386): yii\web\Application->handleRequest(Object(yii\web\Request))
#2 C:\wamp64\www\rekrut\index.php(19): yii\base\Application->run()
#3 {main}

Next yii\web\NotFoundHttpException: Halaman tidak ditemukan. in C:\wamp64\www\rekrut\app\vendor\yiisoft\yii2\web\Application.php:115
Stack trace:
#0 C:\wamp64\www\rekrut\app\vendor\yiisoft\yii2\base\Application.php(386): yii\web\Application->handleRequest(Object(yii\web\Request))
#1 C:\wamp64\www\rekrut\index.php(19): yii\base\Application->run()
#2 {main}
2022-06-09 09:52:35 [::1][104728][aslaeulfdfpicgi0vntfacppc5][info][application] $_GET = [
    'css/frontend/bootstrap_css_map' => ''
]

$_POST = []

$_FILES = []

$_COOKIE = [
    'PHPSESSID' => 'aslaeulfdfpicgi0vntfacppc5'
    '_csrf' => 'cafdd5093f9336efd75aea721d0f175be974a47b74b19701f24d7e38614d4765a:2:{i:0;s:5:\"_csrf\";i:1;s:32:\"ja1VBuYbu_gh4q6a4x1EYGVHjULuY4Xa\";}'
]

$_SESSION = [
    '__flash' => []
    '__id' => 104728
    '__expire' => 1654746755
]

$_SERVER = [
    'REDIRECT_STATUS' => '200'
    'HTTP_HOST' => 'localhost'
    'HTTP_CONNECTION' => 'keep-alive'
    'HTTP_PRAGMA' => 'no-cache'
    'HTTP_CACHE_CONTROL' => 'no-cache'
    'HTTP_SEC_FETCH_SITE' => 'same-origin'
    'HTTP_SEC_FETCH_MODE' => 'no-cors'
    'HTTP_SEC_FETCH_DEST' => 'empty'
    'HTTP_USER_AGENT' => 'Mozilla/5.0 (Windows NT 10.0; Win64; x64) AppleWebKit/537.36 (KHTML, like Gecko) Chrome/102.0.5005.63 Safari/537.36'
    'HTTP_ACCEPT_ENCODING' => 'gzip, deflate, br'
    'HTTP_ACCEPT_LANGUAGE' => 'en-US,en;q=0.9,id;q=0.8'
    'HTTP_COOKIE' => 'PHPSESSID=aslaeulfdfpicgi0vntfacppc5; _csrf=cafdd5093f9336efd75aea721d0f175be974a47b74b19701f24d7e38614d4765a%3A2%3A%7Bi%3A0%3Bs%3A5%3A%22_csrf%22%3Bi%3A1%3Bs%3A32%3A%22ja1VBuYbu_gh4q6a4x1EYGVHjULuY4Xa%22%3B%7D'
    'PATH' => 'C:\\WINDOWS\\system32;C:\\WINDOWS;C:\\WINDOWS\\System32\\Wbem;C:\\WINDOWS\\System32\\WindowsPowerShell\\v1.0\\;C:\\WINDOWS\\System32\\OpenSSH\\;C:\\Program Files\\PuTTY\\;C:\\ProgramData\\ComposerSetup\\bin;C:\\Program Files\\nodejs\\;C:\\Program Files\\Git\\cmd;C:\\wamp64\\bin\\php\\php8.0.13;C:\\wamp64\\bin\\php\\php7.2.34;C:\\WINDOWS\\system32\\config\\systemprofile\\AppData\\Local\\Microsoft\\WindowsApps'
    'SystemRoot' => 'C:\\WINDOWS'
    'COMSPEC' => 'C:\\WINDOWS\\system32\\cmd.exe'
    'PATHEXT' => '.COM;.EXE;.BAT;.CMD;.VBS;.VBE;.JS;.JSE;.WSF;.WSH;.MSC'
    'WINDIR' => 'C:\\WINDOWS'
    'SERVER_SIGNATURE' => '<address>Apache/2.4.51 (Win64) PHP/7.2.34 mod_fcgid/2.3.10-dev Server at localhost Port 80</address>
'
    'SERVER_SOFTWARE' => 'Apache/2.4.51 (Win64) PHP/7.2.34 mod_fcgid/2.3.10-dev'
    'SERVER_NAME' => 'localhost'
    'SERVER_ADDR' => '::1'
    'SERVER_PORT' => '80'
    'REMOTE_ADDR' => '::1'
    'DOCUMENT_ROOT' => 'C:/wamp64/www'
    'REQUEST_SCHEME' => 'http'
    'CONTEXT_PREFIX' => ''
    'CONTEXT_DOCUMENT_ROOT' => 'C:/wamp64/www'
    'SERVER_ADMIN' => 'wampserver@wampserver.invalid'
    'SCRIPT_FILENAME' => 'C:/wamp64/www/rekrut/index.php'
    'REMOTE_PORT' => '55131'
    'REDIRECT_URL' => '/rekrut/css/frontend/bootstrap.css.map'
    'REDIRECT_QUERY_STRING' => 'css/frontend/bootstrap.css.map'
    'GATEWAY_INTERFACE' => 'CGI/1.1'
    'SERVER_PROTOCOL' => 'HTTP/1.1'
    'REQUEST_METHOD' => 'GET'
    'QUERY_STRING' => 'css/frontend/bootstrap.css.map'
    'REQUEST_URI' => '/rekrut/css/frontend/bootstrap.css.map'
    'SCRIPT_NAME' => '/rekrut/index.php'
    'PHP_SELF' => '/rekrut/index.php'
    'REQUEST_TIME_FLOAT' => 1654743155.565
    'REQUEST_TIME' => 1654743155
]
2022-06-09 09:55:02 [::1][104728][aslaeulfdfpicgi0vntfacppc5][error][yii\web\HttpException:404] yii\base\InvalidRouteException: Unable to resolve the request "css/frontend/bootstrap.css.map". in C:\wamp64\www\rekrut\app\vendor\yiisoft\yii2\base\Module.php:537
Stack trace:
#0 C:\wamp64\www\rekrut\app\vendor\yiisoft\yii2\web\Application.php(103): yii\base\Module->runAction('css/frontend/bo...', Array)
#1 C:\wamp64\www\rekrut\app\vendor\yiisoft\yii2\base\Application.php(386): yii\web\Application->handleRequest(Object(yii\web\Request))
#2 C:\wamp64\www\rekrut\index.php(19): yii\base\Application->run()
#3 {main}

Next yii\web\NotFoundHttpException: Halaman tidak ditemukan. in C:\wamp64\www\rekrut\app\vendor\yiisoft\yii2\web\Application.php:115
Stack trace:
#0 C:\wamp64\www\rekrut\app\vendor\yiisoft\yii2\base\Application.php(386): yii\web\Application->handleRequest(Object(yii\web\Request))
#1 C:\wamp64\www\rekrut\index.php(19): yii\base\Application->run()
#2 {main}
2022-06-09 09:55:02 [::1][104728][aslaeulfdfpicgi0vntfacppc5][info][application] $_GET = [
    'css/frontend/bootstrap_css_map' => ''
]

$_POST = []

$_FILES = []

$_COOKIE = [
    'PHPSESSID' => 'aslaeulfdfpicgi0vntfacppc5'
    '_csrf' => 'cafdd5093f9336efd75aea721d0f175be974a47b74b19701f24d7e38614d4765a:2:{i:0;s:5:\"_csrf\";i:1;s:32:\"ja1VBuYbu_gh4q6a4x1EYGVHjULuY4Xa\";}'
]

$_SESSION = [
    '__flash' => []
    '__id' => 104728
    '__expire' => 1654746902
]

$_SERVER = [
    'REDIRECT_STATUS' => '200'
    'HTTP_HOST' => 'localhost'
    'HTTP_CONNECTION' => 'keep-alive'
    'HTTP_PRAGMA' => 'no-cache'
    'HTTP_CACHE_CONTROL' => 'no-cache'
    'HTTP_SEC_FETCH_SITE' => 'same-origin'
    'HTTP_SEC_FETCH_MODE' => 'no-cors'
    'HTTP_SEC_FETCH_DEST' => 'empty'
    'HTTP_USER_AGENT' => 'Mozilla/5.0 (Windows NT 10.0; Win64; x64) AppleWebKit/537.36 (KHTML, like Gecko) Chrome/102.0.5005.63 Safari/537.36'
    'HTTP_ACCEPT_ENCODING' => 'gzip, deflate, br'
    'HTTP_ACCEPT_LANGUAGE' => 'en-US,en;q=0.9,id;q=0.8'
    'HTTP_COOKIE' => 'PHPSESSID=aslaeulfdfpicgi0vntfacppc5; _csrf=cafdd5093f9336efd75aea721d0f175be974a47b74b19701f24d7e38614d4765a%3A2%3A%7Bi%3A0%3Bs%3A5%3A%22_csrf%22%3Bi%3A1%3Bs%3A32%3A%22ja1VBuYbu_gh4q6a4x1EYGVHjULuY4Xa%22%3B%7D'
    'PATH' => 'C:\\WINDOWS\\system32;C:\\WINDOWS;C:\\WINDOWS\\System32\\Wbem;C:\\WINDOWS\\System32\\WindowsPowerShell\\v1.0\\;C:\\WINDOWS\\System32\\OpenSSH\\;C:\\Program Files\\PuTTY\\;C:\\ProgramData\\ComposerSetup\\bin;C:\\Program Files\\nodejs\\;C:\\Program Files\\Git\\cmd;C:\\wamp64\\bin\\php\\php8.0.13;C:\\wamp64\\bin\\php\\php7.2.34;C:\\WINDOWS\\system32\\config\\systemprofile\\AppData\\Local\\Microsoft\\WindowsApps'
    'SystemRoot' => 'C:\\WINDOWS'
    'COMSPEC' => 'C:\\WINDOWS\\system32\\cmd.exe'
    'PATHEXT' => '.COM;.EXE;.BAT;.CMD;.VBS;.VBE;.JS;.JSE;.WSF;.WSH;.MSC'
    'WINDIR' => 'C:\\WINDOWS'
    'SERVER_SIGNATURE' => '<address>Apache/2.4.51 (Win64) PHP/7.2.34 mod_fcgid/2.3.10-dev Server at localhost Port 80</address>
'
    'SERVER_SOFTWARE' => 'Apache/2.4.51 (Win64) PHP/7.2.34 mod_fcgid/2.3.10-dev'
    'SERVER_NAME' => 'localhost'
    'SERVER_ADDR' => '::1'
    'SERVER_PORT' => '80'
    'REMOTE_ADDR' => '::1'
    'DOCUMENT_ROOT' => 'C:/wamp64/www'
    'REQUEST_SCHEME' => 'http'
    'CONTEXT_PREFIX' => ''
    'CONTEXT_DOCUMENT_ROOT' => 'C:/wamp64/www'
    'SERVER_ADMIN' => 'wampserver@wampserver.invalid'
    'SCRIPT_FILENAME' => 'C:/wamp64/www/rekrut/index.php'
    'REMOTE_PORT' => '55290'
    'REDIRECT_URL' => '/rekrut/css/frontend/bootstrap.css.map'
    'REDIRECT_QUERY_STRING' => 'css/frontend/bootstrap.css.map'
    'GATEWAY_INTERFACE' => 'CGI/1.1'
    'SERVER_PROTOCOL' => 'HTTP/1.1'
    'REQUEST_METHOD' => 'GET'
    'QUERY_STRING' => 'css/frontend/bootstrap.css.map'
    'REQUEST_URI' => '/rekrut/css/frontend/bootstrap.css.map'
    'SCRIPT_NAME' => '/rekrut/index.php'
    'PHP_SELF' => '/rekrut/index.php'
    'REQUEST_TIME_FLOAT' => 1654743302.558
    'REQUEST_TIME' => 1654743302
]
2022-06-09 09:56:52 [::1][104728][aslaeulfdfpicgi0vntfacppc5][error][yii\base\UnknownPropertyException] yii\base\UnknownPropertyException: Getting unknown property: app\models\Userrole::m88 in C:\wamp64\www\rekrut\app\vendor\yiisoft\yii2\base\Component.php:154
Stack trace:
#0 C:\wamp64\www\rekrut\app\vendor\yiisoft\yii2\db\BaseActiveRecord.php(296): yii\base\Component->__get('m88')
#1 C:\wamp64\www\rekrut\app\controllers\UserroleController.php(95): yii\db\BaseActiveRecord->__get('m88')
#2 [internal function]: app\controllers\UserroleController->actionCreate()
#3 C:\wamp64\www\rekrut\app\vendor\yiisoft\yii2\base\InlineAction.php(57): call_user_func_array(Array, Array)
#4 C:\wamp64\www\rekrut\app\vendor\yiisoft\yii2\base\Controller.php(157): yii\base\InlineAction->runWithParams(Array)
#5 C:\wamp64\www\rekrut\app\vendor\yiisoft\yii2\base\Module.php(528): yii\base\Controller->runAction('create', Array)
#6 C:\wamp64\www\rekrut\app\vendor\yiisoft\yii2\web\Application.php(103): yii\base\Module->runAction('userrole/create', Array)
#7 C:\wamp64\www\rekrut\app\vendor\yiisoft\yii2\base\Application.php(386): yii\web\Application->handleRequest(Object(yii\web\Request))
#8 C:\wamp64\www\rekrut\index.php(19): yii\base\Application->run()
#9 {main}
2022-06-09 09:56:52 [::1][104728][aslaeulfdfpicgi0vntfacppc5][info][application] $_GET = [
    'userrole/create' => ''
]

$_POST = [
    'Userrole' => [
        'role' => 'Test'
        'countcheck' => '87'
        'm1' => '0'
        'm62' => '0'
        'm63' => '0'
        'm2' => '0'
        'm3' => '1'
        'm46' => '0'
        'm47' => '0'
        'm35' => '0'
        'm36' => '0'
        'm37' => '0'
        'm4' => '0'
        'm5' => '0'
        'm6' => '0'
        'm7' => '0'
        'm8' => '0'
        'm9' => '0'
        'm10' => '0'
        'm11' => '0'
        'm12' => '0'
        'm38' => '0'
        'm39' => '0'
        'm40' => '0'
        'm41' => '0'
        'm42' => '0'
        'm43' => '0'
        'm44' => '0'
        'm45' => '0'
        'm13' => '0'
        'm14' => '0'
        'm49' => '0'
        'm15' => '0'
        'm16' => '0'
        'm17' => '0'
        'm18' => '0'
        'm19' => '0'
        'm20' => '0'
        'm21' => '0'
        'm22' => '0'
        'm23' => '0'
        'm24' => '0'
        'm25' => '0'
        'm26' => '0'
        'm27' => '0'
        'm28' => '0'
        'm29' => '0'
        'm30' => '0'
        'm31' => '0'
        'm32' => '0'
        'm33' => '0'
        'm34' => '0'
        'm51' => '0'
        'm72' => '0'
        'm73' => '0'
        'm74' => '0'
        'm75' => '0'
        'm76' => '0'
        'm77' => '0'
        'm78' => '0'
        'm79' => '0'
        'm80' => '0'
        'm81' => '0'
        'm82' => '0'
        'm83' => '0'
        'm84' => '0'
        'm85' => '0'
        'm86' => '0'
        'm87' => '0'
        'm48' => '0'
        'm50' => '0'
        'm66' => '0'
        'm52' => '0'
        'm53' => '0'
        'm54' => '0'
        'm55' => '0'
        'm56' => '0'
        'm57' => '0'
        'm58' => '0'
        'm59' => '0'
        'm60' => '0'
        'm61' => '0'
        'm64' => '0'
        'm65' => '0'
        'm67' => '0'
        'm68' => '0'
        'm69' => '0'
        'm70' => '0'
        'm71' => '0'
    ]
]

$_FILES = []

$_COOKIE = [
    'PHPSESSID' => 'aslaeulfdfpicgi0vntfacppc5'
    '_csrf' => 'cafdd5093f9336efd75aea721d0f175be974a47b74b19701f24d7e38614d4765a:2:{i:0;s:5:\"_csrf\";i:1;s:32:\"ja1VBuYbu_gh4q6a4x1EYGVHjULuY4Xa\";}'
]

$_SESSION = [
    '__flash' => []
    '__id' => 104728
    '__expire' => 1654747012
]

$_SERVER = [
    'REDIRECT_STATUS' => '200'
    'HTTP_HOST' => 'localhost'
    'HTTP_CONNECTION' => 'keep-alive'
    'CONTENT_LENGTH' => '1801'
    'HTTP_CACHE_CONTROL' => 'max-age=0'
    'HTTP_SEC_CH_UA' => '\" Not A;Brand\";v=\"99\", \"Chromium\";v=\"102\", \"Google Chrome\";v=\"102\"'
    'HTTP_SEC_CH_UA_MOBILE' => '?0'
    'HTTP_SEC_CH_UA_PLATFORM' => '\"Windows\"'
    'HTTP_UPGRADE_INSECURE_REQUESTS' => '1'
    'HTTP_ORIGIN' => 'http://localhost'
    'CONTENT_TYPE' => 'application/x-www-form-urlencoded'
    'HTTP_USER_AGENT' => 'Mozilla/5.0 (Windows NT 10.0; Win64; x64) AppleWebKit/537.36 (KHTML, like Gecko) Chrome/102.0.5005.63 Safari/537.36'
    'HTTP_ACCEPT' => 'text/html,application/xhtml+xml,application/xml;q=0.9,image/avif,image/webp,image/apng,*/*;q=0.8,application/signed-exchange;v=b3;q=0.9'
    'HTTP_SEC_FETCH_SITE' => 'same-origin'
    'HTTP_SEC_FETCH_MODE' => 'navigate'
    'HTTP_SEC_FETCH_USER' => '?1'
    'HTTP_SEC_FETCH_DEST' => 'document'
    'HTTP_REFERER' => 'http://localhost/rekrut/userrole/create'
    'HTTP_ACCEPT_ENCODING' => 'gzip, deflate, br'
    'HTTP_ACCEPT_LANGUAGE' => 'en-US,en;q=0.9,id;q=0.8'
    'HTTP_COOKIE' => 'PHPSESSID=aslaeulfdfpicgi0vntfacppc5; _csrf=cafdd5093f9336efd75aea721d0f175be974a47b74b19701f24d7e38614d4765a%3A2%3A%7Bi%3A0%3Bs%3A5%3A%22_csrf%22%3Bi%3A1%3Bs%3A32%3A%22ja1VBuYbu_gh4q6a4x1EYGVHjULuY4Xa%22%3B%7D'
    'PATH' => 'C:\\WINDOWS\\system32;C:\\WINDOWS;C:\\WINDOWS\\System32\\Wbem;C:\\WINDOWS\\System32\\WindowsPowerShell\\v1.0\\;C:\\WINDOWS\\System32\\OpenSSH\\;C:\\Program Files\\PuTTY\\;C:\\ProgramData\\ComposerSetup\\bin;C:\\Program Files\\nodejs\\;C:\\Program Files\\Git\\cmd;C:\\wamp64\\bin\\php\\php8.0.13;C:\\wamp64\\bin\\php\\php7.2.34;C:\\WINDOWS\\system32\\config\\systemprofile\\AppData\\Local\\Microsoft\\WindowsApps'
    'SystemRoot' => 'C:\\WINDOWS'
    'COMSPEC' => 'C:\\WINDOWS\\system32\\cmd.exe'
    'PATHEXT' => '.COM;.EXE;.BAT;.CMD;.VBS;.VBE;.JS;.JSE;.WSF;.WSH;.MSC'
    'WINDIR' => 'C:\\WINDOWS'
    'SERVER_SIGNATURE' => '<address>Apache/2.4.51 (Win64) PHP/7.2.34 mod_fcgid/2.3.10-dev Server at localhost Port 80</address>
'
    'SERVER_SOFTWARE' => 'Apache/2.4.51 (Win64) PHP/7.2.34 mod_fcgid/2.3.10-dev'
    'SERVER_NAME' => 'localhost'
    'SERVER_ADDR' => '::1'
    'SERVER_PORT' => '80'
    'REMOTE_ADDR' => '::1'
    'DOCUMENT_ROOT' => 'C:/wamp64/www'
    'REQUEST_SCHEME' => 'http'
    'CONTEXT_PREFIX' => ''
    'CONTEXT_DOCUMENT_ROOT' => 'C:/wamp64/www'
    'SERVER_ADMIN' => 'wampserver@wampserver.invalid'
    'SCRIPT_FILENAME' => 'C:/wamp64/www/rekrut/index.php'
    'REMOTE_PORT' => '55334'
    'REDIRECT_URL' => '/rekrut/userrole/create'
    'REDIRECT_QUERY_STRING' => 'userrole/create'
    'GATEWAY_INTERFACE' => 'CGI/1.1'
    'SERVER_PROTOCOL' => 'HTTP/1.1'
    'REQUEST_METHOD' => 'POST'
    'QUERY_STRING' => 'userrole/create'
    'REQUEST_URI' => '/rekrut/userrole/create'
    'SCRIPT_NAME' => '/rekrut/index.php'
    'PHP_SELF' => '/rekrut/index.php'
    'REQUEST_TIME_FLOAT' => 1654743412.092
    'REQUEST_TIME' => 1654743412
]
2022-06-09 09:58:00 [::1][104728][aslaeulfdfpicgi0vntfacppc5][error][yii\base\UnknownPropertyException] yii\base\UnknownPropertyException: Getting unknown property: app\models\Userrole::m88 in C:\wamp64\www\rekrut\app\vendor\yiisoft\yii2\base\Component.php:154
Stack trace:
#0 C:\wamp64\www\rekrut\app\vendor\yiisoft\yii2\db\BaseActiveRecord.php(296): yii\base\Component->__get('m88')
#1 C:\wamp64\www\rekrut\app\controllers\UserroleController.php(95): yii\db\BaseActiveRecord->__get('m88')
#2 [internal function]: app\controllers\UserroleController->actionCreate()
#3 C:\wamp64\www\rekrut\app\vendor\yiisoft\yii2\base\InlineAction.php(57): call_user_func_array(Array, Array)
#4 C:\wamp64\www\rekrut\app\vendor\yiisoft\yii2\base\Controller.php(157): yii\base\InlineAction->runWithParams(Array)
#5 C:\wamp64\www\rekrut\app\vendor\yiisoft\yii2\base\Module.php(528): yii\base\Controller->runAction('create', Array)
#6 C:\wamp64\www\rekrut\app\vendor\yiisoft\yii2\web\Application.php(103): yii\base\Module->runAction('userrole/create', Array)
#7 C:\wamp64\www\rekrut\app\vendor\yiisoft\yii2\base\Application.php(386): yii\web\Application->handleRequest(Object(yii\web\Request))
#8 C:\wamp64\www\rekrut\index.php(19): yii\base\Application->run()
#9 {main}
2022-06-09 09:58:00 [::1][104728][aslaeulfdfpicgi0vntfacppc5][info][application] $_GET = [
    'userrole/create' => ''
]

$_POST = [
    'Userrole' => [
        'role' => 'Test'
        'countcheck' => '87'
        'm1' => '0'
        'm62' => '0'
        'm63' => '0'
        'm2' => '0'
        'm3' => '1'
        'm46' => '0'
        'm47' => '0'
        'm35' => '0'
        'm36' => '0'
        'm37' => '0'
        'm4' => '0'
        'm5' => '0'
        'm6' => '0'
        'm7' => '0'
        'm8' => '0'
        'm9' => '0'
        'm10' => '0'
        'm11' => '0'
        'm12' => '0'
        'm38' => '0'
        'm39' => '0'
        'm40' => '0'
        'm41' => '0'
        'm42' => '0'
        'm43' => '0'
        'm44' => '0'
        'm45' => '0'
        'm13' => '0'
        'm14' => '0'
        'm49' => '0'
        'm15' => '0'
        'm16' => '0'
        'm17' => '0'
        'm18' => '0'
        'm19' => '0'
        'm20' => '0'
        'm21' => '0'
        'm22' => '0'
        'm23' => '0'
        'm24' => '0'
        'm25' => '0'
        'm26' => '0'
        'm27' => '0'
        'm28' => '0'
        'm29' => '0'
        'm30' => '0'
        'm31' => '0'
        'm32' => '0'
        'm33' => '0'
        'm34' => '0'
        'm51' => '0'
        'm72' => '0'
        'm73' => '0'
        'm74' => '0'
        'm75' => '0'
        'm76' => '0'
        'm77' => '0'
        'm78' => '0'
        'm79' => '0'
        'm80' => '0'
        'm81' => '0'
        'm82' => '0'
        'm83' => '0'
        'm84' => '0'
        'm85' => '0'
        'm86' => '0'
        'm87' => '0'
        'm48' => '0'
        'm50' => '0'
        'm66' => '0'
        'm52' => '0'
        'm53' => '0'
        'm54' => '0'
        'm55' => '0'
        'm56' => '0'
        'm57' => '0'
        'm58' => '0'
        'm59' => '0'
        'm60' => '0'
        'm61' => '0'
        'm64' => '0'
        'm65' => '0'
        'm67' => '0'
        'm68' => '0'
        'm69' => '0'
        'm70' => '0'
        'm71' => '0'
    ]
]

$_FILES = []

$_COOKIE = [
    'PHPSESSID' => 'aslaeulfdfpicgi0vntfacppc5'
    '_csrf' => 'cafdd5093f9336efd75aea721d0f175be974a47b74b19701f24d7e38614d4765a:2:{i:0;s:5:\"_csrf\";i:1;s:32:\"ja1VBuYbu_gh4q6a4x1EYGVHjULuY4Xa\";}'
]

$_SESSION = [
    '__flash' => []
    '__id' => 104728
    '__expire' => 1654747080
]

$_SERVER = [
    'REDIRECT_STATUS' => '200'
    'HTTP_HOST' => 'localhost'
    'HTTP_CONNECTION' => 'keep-alive'
    'CONTENT_LENGTH' => '1801'
    'HTTP_CACHE_CONTROL' => 'max-age=0'
    'HTTP_SEC_CH_UA' => '\" Not A;Brand\";v=\"99\", \"Chromium\";v=\"102\", \"Google Chrome\";v=\"102\"'
    'HTTP_SEC_CH_UA_MOBILE' => '?0'
    'HTTP_SEC_CH_UA_PLATFORM' => '\"Windows\"'
    'HTTP_UPGRADE_INSECURE_REQUESTS' => '1'
    'HTTP_ORIGIN' => 'http://localhost'
    'CONTENT_TYPE' => 'application/x-www-form-urlencoded'
    'HTTP_USER_AGENT' => 'Mozilla/5.0 (Windows NT 10.0; Win64; x64) AppleWebKit/537.36 (KHTML, like Gecko) Chrome/102.0.5005.63 Safari/537.36'
    'HTTP_ACCEPT' => 'text/html,application/xhtml+xml,application/xml;q=0.9,image/avif,image/webp,image/apng,*/*;q=0.8,application/signed-exchange;v=b3;q=0.9'
    'HTTP_SEC_FETCH_SITE' => 'same-origin'
    'HTTP_SEC_FETCH_MODE' => 'navigate'
    'HTTP_SEC_FETCH_USER' => '?1'
    'HTTP_SEC_FETCH_DEST' => 'document'
    'HTTP_REFERER' => 'http://localhost/rekrut/userrole/create'
    'HTTP_ACCEPT_ENCODING' => 'gzip, deflate, br'
    'HTTP_ACCEPT_LANGUAGE' => 'en-US,en;q=0.9,id;q=0.8'
    'HTTP_COOKIE' => 'PHPSESSID=aslaeulfdfpicgi0vntfacppc5; _csrf=cafdd5093f9336efd75aea721d0f175be974a47b74b19701f24d7e38614d4765a%3A2%3A%7Bi%3A0%3Bs%3A5%3A%22_csrf%22%3Bi%3A1%3Bs%3A32%3A%22ja1VBuYbu_gh4q6a4x1EYGVHjULuY4Xa%22%3B%7D'
    'PATH' => 'C:\\WINDOWS\\system32;C:\\WINDOWS;C:\\WINDOWS\\System32\\Wbem;C:\\WINDOWS\\System32\\WindowsPowerShell\\v1.0\\;C:\\WINDOWS\\System32\\OpenSSH\\;C:\\Program Files\\PuTTY\\;C:\\ProgramData\\ComposerSetup\\bin;C:\\Program Files\\nodejs\\;C:\\Program Files\\Git\\cmd;C:\\wamp64\\bin\\php\\php8.0.13;C:\\wamp64\\bin\\php\\php7.2.34;C:\\WINDOWS\\system32\\config\\systemprofile\\AppData\\Local\\Microsoft\\WindowsApps'
    'SystemRoot' => 'C:\\WINDOWS'
    'COMSPEC' => 'C:\\WINDOWS\\system32\\cmd.exe'
    'PATHEXT' => '.COM;.EXE;.BAT;.CMD;.VBS;.VBE;.JS;.JSE;.WSF;.WSH;.MSC'
    'WINDIR' => 'C:\\WINDOWS'
    'SERVER_SIGNATURE' => '<address>Apache/2.4.51 (Win64) PHP/7.2.34 mod_fcgid/2.3.10-dev Server at localhost Port 80</address>
'
    'SERVER_SOFTWARE' => 'Apache/2.4.51 (Win64) PHP/7.2.34 mod_fcgid/2.3.10-dev'
    'SERVER_NAME' => 'localhost'
    'SERVER_ADDR' => '::1'
    'SERVER_PORT' => '80'
    'REMOTE_ADDR' => '::1'
    'DOCUMENT_ROOT' => 'C:/wamp64/www'
    'REQUEST_SCHEME' => 'http'
    'CONTEXT_PREFIX' => ''
    'CONTEXT_DOCUMENT_ROOT' => 'C:/wamp64/www'
    'SERVER_ADMIN' => 'wampserver@wampserver.invalid'
    'SCRIPT_FILENAME' => 'C:/wamp64/www/rekrut/index.php'
    'REMOTE_PORT' => '55346'
    'REDIRECT_URL' => '/rekrut/userrole/create'
    'REDIRECT_QUERY_STRING' => 'userrole/create'
    'GATEWAY_INTERFACE' => 'CGI/1.1'
    'SERVER_PROTOCOL' => 'HTTP/1.1'
    'REQUEST_METHOD' => 'POST'
    'QUERY_STRING' => 'userrole/create'
    'REQUEST_URI' => '/rekrut/userrole/create'
    'SCRIPT_NAME' => '/rekrut/index.php'
    'PHP_SELF' => '/rekrut/index.php'
    'REQUEST_TIME_FLOAT' => 1654743480.079
    'REQUEST_TIME' => 1654743480
]
2022-06-09 10:06:19 [::1][104728][aslaeulfdfpicgi0vntfacppc5][error][yii\base\UnknownPropertyException] yii\base\UnknownPropertyException: Getting unknown property: app\models\Userrole::mm85 in C:\wamp64\www\rekrut\app\vendor\yiisoft\yii2\base\Component.php:154
Stack trace:
#0 C:\wamp64\www\rekrut\app\vendor\yiisoft\yii2\db\BaseActiveRecord.php(296): yii\base\Component->__get('mm85')
#1 C:\wamp64\www\rekrut\app\vendor\yiisoft\yii2\validators\Validator.php(264): yii\db\BaseActiveRecord->__get('mm85')
#2 C:\wamp64\www\rekrut\app\vendor\yiisoft\yii2\base\Model.php(367): yii\validators\Validator->validateAttributes(Object(app\models\Userrole), Array)
#3 C:\wamp64\www\rekrut\app\vendor\yiisoft\yii2\db\ActiveRecord.php(619): yii\base\Model->validate(Array)
#4 C:\wamp64\www\rekrut\app\vendor\yiisoft\yii2\db\BaseActiveRecord.php(673): yii\db\ActiveRecord->update(true, NULL)
#5 C:\wamp64\www\rekrut\app\controllers\UserroleController.php(136): yii\db\BaseActiveRecord->save()
#6 [internal function]: app\controllers\UserroleController->actionUpdate('1')
#7 C:\wamp64\www\rekrut\app\vendor\yiisoft\yii2\base\InlineAction.php(57): call_user_func_array(Array, Array)
#8 C:\wamp64\www\rekrut\app\vendor\yiisoft\yii2\base\Controller.php(157): yii\base\InlineAction->runWithParams(Array)
#9 C:\wamp64\www\rekrut\app\vendor\yiisoft\yii2\base\Module.php(528): yii\base\Controller->runAction('update', Array)
#10 C:\wamp64\www\rekrut\app\vendor\yiisoft\yii2\web\Application.php(103): yii\base\Module->runAction('userrole/update', Array)
#11 C:\wamp64\www\rekrut\app\vendor\yiisoft\yii2\base\Application.php(386): yii\web\Application->handleRequest(Object(yii\web\Request))
#12 C:\wamp64\www\rekrut\index.php(19): yii\base\Application->run()
#13 {main}
2022-06-09 10:06:19 [::1][104728][aslaeulfdfpicgi0vntfacppc5][info][application] $_GET = [
    'userrole/update' => ''
    'id' => '1'
]

$_POST = [
    'Userrole' => [
        'role' => 'Test'
        'countcheck' => '87'
        'm1' => '1'
        'm62' => '1'
        'm63' => '1'
        'm2' => '1'
        'm3' => '1'
        'm46' => '1'
        'm47' => '1'
        'm35' => '1'
        'm36' => '1'
        'm37' => '1'
        'm4' => '1'
        'm5' => '1'
        'm6' => '1'
        'm7' => '1'
        'm8' => '1'
        'm9' => '1'
        'm10' => '1'
        'm11' => '1'
        'm12' => '1'
        'm38' => '1'
        'm39' => '1'
        'm40' => '1'
        'm41' => '1'
        'm42' => '1'
        'm43' => '1'
        'm44' => '1'
        'm45' => '1'
        'm13' => '1'
        'm14' => '1'
        'm49' => '1'
        'm15' => '1'
        'm16' => '1'
        'm17' => '1'
        'm18' => '1'
        'm19' => '1'
        'm20' => '1'
        'm21' => '1'
        'm22' => '1'
        'm23' => '1'
        'm24' => '1'
        'm25' => '1'
        'm26' => '1'
        'm27' => '1'
        'm28' => '1'
        'm29' => '1'
        'm30' => '1'
        'm31' => '1'
        'm32' => '1'
        'm33' => '1'
        'm34' => '1'
        'm51' => '1'
        'm72' => '1'
        'm73' => '1'
        'm74' => '1'
        'm75' => '1'
        'm76' => '0'
        'm77' => '1'
        'm78' => '0'
        'm79' => '0'
        'm80' => '0'
        'm81' => '0'
        'm82' => '0'
        'm83' => '0'
        'm84' => '0'
        'm85' => '0'
        'm86' => '0'
        'm87' => '0'
        'm48' => '1'
        'm50' => '1'
        'm66' => '1'
        'm52' => '1'
        'm53' => '1'
        'm54' => '1'
        'm55' => '1'
        'm56' => '1'
        'm57' => '1'
        'm58' => '1'
        'm59' => '1'
        'm60' => '1'
        'm61' => '1'
        'm64' => '1'
        'm65' => '1'
        'm67' => '1'
        'm68' => '1'
        'm69' => '1'
        'm70' => '1'
        'm71' => '1'
    ]
]

$_FILES = []

$_COOKIE = [
    'PHPSESSID' => 'aslaeulfdfpicgi0vntfacppc5'
    '_csrf' => 'cafdd5093f9336efd75aea721d0f175be974a47b74b19701f24d7e38614d4765a:2:{i:0;s:5:\"_csrf\";i:1;s:32:\"ja1VBuYbu_gh4q6a4x1EYGVHjULuY4Xa\";}'
]

$_SESSION = [
    '__flash' => []
    '__id' => 104728
    '__expire' => 1654747579
]

$_SERVER = [
    'REDIRECT_STATUS' => '200'
    'HTTP_HOST' => 'localhost'
    'HTTP_CONNECTION' => 'keep-alive'
    'CONTENT_LENGTH' => '3293'
    'HTTP_CACHE_CONTROL' => 'max-age=0'
    'HTTP_SEC_CH_UA' => '\" Not A;Brand\";v=\"99\", \"Chromium\";v=\"102\", \"Google Chrome\";v=\"102\"'
    'HTTP_SEC_CH_UA_MOBILE' => '?0'
    'HTTP_SEC_CH_UA_PLATFORM' => '\"Windows\"'
    'HTTP_UPGRADE_INSECURE_REQUESTS' => '1'
    'HTTP_ORIGIN' => 'http://localhost'
    'CONTENT_TYPE' => 'application/x-www-form-urlencoded'
    'HTTP_USER_AGENT' => 'Mozilla/5.0 (Windows NT 10.0; Win64; x64) AppleWebKit/537.36 (KHTML, like Gecko) Chrome/102.0.5005.63 Safari/537.36'
    'HTTP_ACCEPT' => 'text/html,application/xhtml+xml,application/xml;q=0.9,image/avif,image/webp,image/apng,*/*;q=0.8,application/signed-exchange;v=b3;q=0.9'
    'HTTP_SEC_FETCH_SITE' => 'same-origin'
    'HTTP_SEC_FETCH_MODE' => 'navigate'
    'HTTP_SEC_FETCH_USER' => '?1'
    'HTTP_SEC_FETCH_DEST' => 'document'
    'HTTP_REFERER' => 'http://localhost/rekrut/userrole/update?id=1'
    'HTTP_ACCEPT_ENCODING' => 'gzip, deflate, br'
    'HTTP_ACCEPT_LANGUAGE' => 'en-US,en;q=0.9,id;q=0.8'
    'HTTP_COOKIE' => 'PHPSESSID=aslaeulfdfpicgi0vntfacppc5; _csrf=cafdd5093f9336efd75aea721d0f175be974a47b74b19701f24d7e38614d4765a%3A2%3A%7Bi%3A0%3Bs%3A5%3A%22_csrf%22%3Bi%3A1%3Bs%3A32%3A%22ja1VBuYbu_gh4q6a4x1EYGVHjULuY4Xa%22%3B%7D'
    'PATH' => 'C:\\WINDOWS\\system32;C:\\WINDOWS;C:\\WINDOWS\\System32\\Wbem;C:\\WINDOWS\\System32\\WindowsPowerShell\\v1.0\\;C:\\WINDOWS\\System32\\OpenSSH\\;C:\\Program Files\\PuTTY\\;C:\\ProgramData\\ComposerSetup\\bin;C:\\Program Files\\nodejs\\;C:\\Program Files\\Git\\cmd;C:\\wamp64\\bin\\php\\php8.0.13;C:\\wamp64\\bin\\php\\php7.2.34;C:\\WINDOWS\\system32\\config\\systemprofile\\AppData\\Local\\Microsoft\\WindowsApps'
    'SystemRoot' => 'C:\\WINDOWS'
    'COMSPEC' => 'C:\\WINDOWS\\system32\\cmd.exe'
    'PATHEXT' => '.COM;.EXE;.BAT;.CMD;.VBS;.VBE;.JS;.JSE;.WSF;.WSH;.MSC'
    'WINDIR' => 'C:\\WINDOWS'
    'SERVER_SIGNATURE' => '<address>Apache/2.4.51 (Win64) PHP/7.2.34 mod_fcgid/2.3.10-dev Server at localhost Port 80</address>
'
    'SERVER_SOFTWARE' => 'Apache/2.4.51 (Win64) PHP/7.2.34 mod_fcgid/2.3.10-dev'
    'SERVER_NAME' => 'localhost'
    'SERVER_ADDR' => '::1'
    'SERVER_PORT' => '80'
    'REMOTE_ADDR' => '::1'
    'DOCUMENT_ROOT' => 'C:/wamp64/www'
    'REQUEST_SCHEME' => 'http'
    'CONTEXT_PREFIX' => ''
    'CONTEXT_DOCUMENT_ROOT' => 'C:/wamp64/www'
    'SERVER_ADMIN' => 'wampserver@wampserver.invalid'
    'SCRIPT_FILENAME' => 'C:/wamp64/www/rekrut/index.php'
    'REMOTE_PORT' => '55480'
    'REDIRECT_URL' => '/rekrut/userrole/update'
    'REDIRECT_QUERY_STRING' => 'userrole/update&id=1'
    'GATEWAY_INTERFACE' => 'CGI/1.1'
    'SERVER_PROTOCOL' => 'HTTP/1.1'
    'REQUEST_METHOD' => 'POST'
    'QUERY_STRING' => 'userrole/update&id=1'
    'REQUEST_URI' => '/rekrut/userrole/update?id=1'
    'SCRIPT_NAME' => '/rekrut/index.php'
    'PHP_SELF' => '/rekrut/index.php'
    'REQUEST_TIME_FLOAT' => 1654743979.621
    'REQUEST_TIME' => 1654743979
]
2022-06-09 10:06:31 [::1][104728][aslaeulfdfpicgi0vntfacppc5][error][yii\web\HttpException:403] yii\web\ForbiddenHttpException: Anda tidak diperbolehkan untuk melakukan aksi ini. in C:\wamp64\www\rekrut\app\vendor\yiisoft\yii2\filters\AccessControl.php:158
Stack trace:
#0 C:\wamp64\www\rekrut\app\vendor\yiisoft\yii2\filters\AccessControl.php(140): yii\filters\AccessControl->denyAccess(Object(yii\web\User))
#1 C:\wamp64\www\rekrut\app\vendor\yiisoft\yii2\base\ActionFilter.php(77): yii\filters\AccessControl->beforeAction(Object(yii\base\InlineAction))
#2 [internal function]: yii\base\ActionFilter->beforeFilter(Object(yii\base\ActionEvent))
#3 C:\wamp64\www\rekrut\app\vendor\yiisoft\yii2\base\Component.php(627): call_user_func(Array, Object(yii\base\ActionEvent))
#4 C:\wamp64\www\rekrut\app\vendor\yiisoft\yii2\base\Controller.php(274): yii\base\Component->trigger('beforeAction', Object(yii\base\ActionEvent))
#5 C:\wamp64\www\rekrut\app\vendor\yiisoft\yii2\web\Controller.php(164): yii\base\Controller->beforeAction(Object(yii\base\InlineAction))
#6 C:\wamp64\www\rekrut\app\vendor\yiisoft\yii2\base\Controller.php(155): yii\web\Controller->beforeAction(Object(yii\base\InlineAction))
#7 C:\wamp64\www\rekrut\app\vendor\yiisoft\yii2\base\Module.php(528): yii\base\Controller->runAction('update', Array)
#8 C:\wamp64\www\rekrut\app\vendor\yiisoft\yii2\web\Application.php(103): yii\base\Module->runAction('userrole/update', Array)
#9 C:\wamp64\www\rekrut\app\vendor\yiisoft\yii2\base\Application.php(386): yii\web\Application->handleRequest(Object(yii\web\Request))
#10 C:\wamp64\www\rekrut\index.php(19): yii\base\Application->run()
#11 {main}
2022-06-09 10:06:31 [::1][104728][aslaeulfdfpicgi0vntfacppc5][info][application] $_GET = [
    'userrole/update' => ''
    'id' => '1'
]

$_POST = [
    'Userrole' => [
        'role' => 'Test'
        'countcheck' => '87'
        'm1' => '1'
        'm62' => '1'
        'm63' => '1'
        'm2' => '1'
        'm3' => '1'
        'm46' => '1'
        'm47' => '1'
        'm35' => '1'
        'm36' => '1'
        'm37' => '1'
        'm4' => '1'
        'm5' => '1'
        'm6' => '1'
        'm7' => '1'
        'm8' => '1'
        'm9' => '1'
        'm10' => '1'
        'm11' => '1'
        'm12' => '1'
        'm38' => '1'
        'm39' => '1'
        'm40' => '1'
        'm41' => '1'
        'm42' => '1'
        'm43' => '1'
        'm44' => '1'
        'm45' => '1'
        'm13' => '1'
        'm14' => '1'
        'm49' => '1'
        'm15' => '1'
        'm16' => '1'
        'm17' => '1'
        'm18' => '1'
        'm19' => '1'
        'm20' => '1'
        'm21' => '1'
        'm22' => '1'
        'm23' => '1'
        'm24' => '1'
        'm25' => '1'
        'm26' => '1'
        'm27' => '1'
        'm28' => '1'
        'm29' => '1'
        'm30' => '1'
        'm31' => '1'
        'm32' => '1'
        'm33' => '1'
        'm34' => '1'
        'm51' => '1'
        'm72' => '1'
        'm73' => '1'
        'm74' => '1'
        'm75' => '1'
        'm76' => '0'
        'm77' => '1'
        'm78' => '0'
        'm79' => '0'
        'm80' => '0'
        'm81' => '0'
        'm82' => '0'
        'm83' => '0'
        'm84' => '0'
        'm85' => '0'
        'm86' => '0'
        'm87' => '0'
        'm48' => '1'
        'm50' => '1'
        'm66' => '1'
        'm52' => '1'
        'm53' => '1'
        'm54' => '1'
        'm55' => '1'
        'm56' => '1'
        'm57' => '1'
        'm58' => '1'
        'm59' => '1'
        'm60' => '1'
        'm61' => '1'
        'm64' => '1'
        'm65' => '1'
        'm67' => '1'
        'm68' => '1'
        'm69' => '1'
        'm70' => '1'
        'm71' => '1'
    ]
]

$_FILES = []

$_COOKIE = [
    'PHPSESSID' => 'aslaeulfdfpicgi0vntfacppc5'
    '_csrf' => 'cafdd5093f9336efd75aea721d0f175be974a47b74b19701f24d7e38614d4765a:2:{i:0;s:5:\"_csrf\";i:1;s:32:\"ja1VBuYbu_gh4q6a4x1EYGVHjULuY4Xa\";}'
]

$_SESSION = [
    '__flash' => []
    '__id' => 104728
    '__expire' => 1654747591
]

$_SERVER = [
    'REDIRECT_STATUS' => '200'
    'HTTP_HOST' => 'localhost'
    'HTTP_CONNECTION' => 'keep-alive'
    'CONTENT_LENGTH' => '3293'
    'HTTP_PRAGMA' => 'no-cache'
    'HTTP_CACHE_CONTROL' => 'no-cache'
    'HTTP_SEC_CH_UA' => '\" Not A;Brand\";v=\"99\", \"Chromium\";v=\"102\", \"Google Chrome\";v=\"102\"'
    'HTTP_SEC_CH_UA_MOBILE' => '?0'
    'HTTP_SEC_CH_UA_PLATFORM' => '\"Windows\"'
    'HTTP_UPGRADE_INSECURE_REQUESTS' => '1'
    'HTTP_USER_AGENT' => 'Mozilla/5.0 (Windows NT 10.0; Win64; x64) AppleWebKit/537.36 (KHTML, like Gecko) Chrome/102.0.5005.63 Safari/537.36'
    'HTTP_ORIGIN' => 'http://localhost'
    'CONTENT_TYPE' => 'application/x-www-form-urlencoded'
    'HTTP_ACCEPT' => 'text/html,application/xhtml+xml,application/xml;q=0.9,image/avif,image/webp,image/apng,*/*;q=0.8,application/signed-exchange;v=b3;q=0.9'
    'HTTP_SEC_FETCH_SITE' => 'same-origin'
    'HTTP_SEC_FETCH_MODE' => 'navigate'
    'HTTP_SEC_FETCH_USER' => '?1'
    'HTTP_SEC_FETCH_DEST' => 'document'
    'HTTP_REFERER' => 'http://localhost/rekrut/userrole/update?id=1'
    'HTTP_ACCEPT_ENCODING' => 'gzip, deflate, br'
    'HTTP_ACCEPT_LANGUAGE' => 'en-US,en;q=0.9,id;q=0.8'
    'HTTP_COOKIE' => 'PHPSESSID=aslaeulfdfpicgi0vntfacppc5; _csrf=cafdd5093f9336efd75aea721d0f175be974a47b74b19701f24d7e38614d4765a%3A2%3A%7Bi%3A0%3Bs%3A5%3A%22_csrf%22%3Bi%3A1%3Bs%3A32%3A%22ja1VBuYbu_gh4q6a4x1EYGVHjULuY4Xa%22%3B%7D'
    'PATH' => 'C:\\WINDOWS\\system32;C:\\WINDOWS;C:\\WINDOWS\\System32\\Wbem;C:\\WINDOWS\\System32\\WindowsPowerShell\\v1.0\\;C:\\WINDOWS\\System32\\OpenSSH\\;C:\\Program Files\\PuTTY\\;C:\\ProgramData\\ComposerSetup\\bin;C:\\Program Files\\nodejs\\;C:\\Program Files\\Git\\cmd;C:\\wamp64\\bin\\php\\php8.0.13;C:\\wamp64\\bin\\php\\php7.2.34;C:\\WINDOWS\\system32\\config\\systemprofile\\AppData\\Local\\Microsoft\\WindowsApps'
    'SystemRoot' => 'C:\\WINDOWS'
    'COMSPEC' => 'C:\\WINDOWS\\system32\\cmd.exe'
    'PATHEXT' => '.COM;.EXE;.BAT;.CMD;.VBS;.VBE;.JS;.JSE;.WSF;.WSH;.MSC'
    'WINDIR' => 'C:\\WINDOWS'
    'SERVER_SIGNATURE' => '<address>Apache/2.4.51 (Win64) PHP/7.2.34 mod_fcgid/2.3.10-dev Server at localhost Port 80</address>
'
    'SERVER_SOFTWARE' => 'Apache/2.4.51 (Win64) PHP/7.2.34 mod_fcgid/2.3.10-dev'
    'SERVER_NAME' => 'localhost'
    'SERVER_ADDR' => '::1'
    'SERVER_PORT' => '80'
    'REMOTE_ADDR' => '::1'
    'DOCUMENT_ROOT' => 'C:/wamp64/www'
    'REQUEST_SCHEME' => 'http'
    'CONTEXT_PREFIX' => ''
    'CONTEXT_DOCUMENT_ROOT' => 'C:/wamp64/www'
    'SERVER_ADMIN' => 'wampserver@wampserver.invalid'
    'SCRIPT_FILENAME' => 'C:/wamp64/www/rekrut/index.php'
    'REMOTE_PORT' => '55485'
    'REDIRECT_URL' => '/rekrut/userrole/update'
    'REDIRECT_QUERY_STRING' => 'userrole/update&id=1'
    'GATEWAY_INTERFACE' => 'CGI/1.1'
    'SERVER_PROTOCOL' => 'HTTP/1.1'
    'REQUEST_METHOD' => 'POST'
    'QUERY_STRING' => 'userrole/update&id=1'
    'REQUEST_URI' => '/rekrut/userrole/update?id=1'
    'SCRIPT_NAME' => '/rekrut/index.php'
    'PHP_SELF' => '/rekrut/index.php'
    'REQUEST_TIME_FLOAT' => 1654743991.291
    'REQUEST_TIME' => 1654743991
]
2022-06-09 10:06:41 [::1][104728][aslaeulfdfpicgi0vntfacppc5][error][yii\web\HttpException:403] yii\web\ForbiddenHttpException: Anda tidak diperbolehkan untuk melakukan aksi ini. in C:\wamp64\www\rekrut\app\vendor\yiisoft\yii2\filters\AccessControl.php:158
Stack trace:
#0 C:\wamp64\www\rekrut\app\vendor\yiisoft\yii2\filters\AccessControl.php(140): yii\filters\AccessControl->denyAccess(Object(yii\web\User))
#1 C:\wamp64\www\rekrut\app\vendor\yiisoft\yii2\base\ActionFilter.php(77): yii\filters\AccessControl->beforeAction(Object(yii\base\InlineAction))
#2 [internal function]: yii\base\ActionFilter->beforeFilter(Object(yii\base\ActionEvent))
#3 C:\wamp64\www\rekrut\app\vendor\yiisoft\yii2\base\Component.php(627): call_user_func(Array, Object(yii\base\ActionEvent))
#4 C:\wamp64\www\rekrut\app\vendor\yiisoft\yii2\base\Controller.php(274): yii\base\Component->trigger('beforeAction', Object(yii\base\ActionEvent))
#5 C:\wamp64\www\rekrut\app\vendor\yiisoft\yii2\web\Controller.php(164): yii\base\Controller->beforeAction(Object(yii\base\InlineAction))
#6 C:\wamp64\www\rekrut\app\vendor\yiisoft\yii2\base\Controller.php(155): yii\web\Controller->beforeAction(Object(yii\base\InlineAction))
#7 C:\wamp64\www\rekrut\app\vendor\yiisoft\yii2\base\Module.php(528): yii\base\Controller->runAction('index', Array)
#8 C:\wamp64\www\rekrut\app\vendor\yiisoft\yii2\web\Application.php(103): yii\base\Module->runAction('userrole/index', Array)
#9 C:\wamp64\www\rekrut\app\vendor\yiisoft\yii2\base\Application.php(386): yii\web\Application->handleRequest(Object(yii\web\Request))
#10 C:\wamp64\www\rekrut\index.php(19): yii\base\Application->run()
#11 {main}
2022-06-09 10:06:41 [::1][104728][aslaeulfdfpicgi0vntfacppc5][info][application] $_GET = [
    'userrole/index' => ''
]

$_POST = []

$_FILES = []

$_COOKIE = [
    'PHPSESSID' => 'aslaeulfdfpicgi0vntfacppc5'
    '_csrf' => 'cafdd5093f9336efd75aea721d0f175be974a47b74b19701f24d7e38614d4765a:2:{i:0;s:5:\"_csrf\";i:1;s:32:\"ja1VBuYbu_gh4q6a4x1EYGVHjULuY4Xa\";}'
]

$_SESSION = [
    '__flash' => []
    '__id' => 104728
    '__expire' => 1654747601
]

$_SERVER = [
    'REDIRECT_STATUS' => '200'
    'HTTP_HOST' => 'localhost'
    'HTTP_CONNECTION' => 'keep-alive'
    'HTTP_SEC_CH_UA' => '\" Not A;Brand\";v=\"99\", \"Chromium\";v=\"102\", \"Google Chrome\";v=\"102\"'
    'HTTP_SEC_CH_UA_MOBILE' => '?0'
    'HTTP_SEC_CH_UA_PLATFORM' => '\"Windows\"'
    'HTTP_UPGRADE_INSECURE_REQUESTS' => '1'
    'HTTP_USER_AGENT' => 'Mozilla/5.0 (Windows NT 10.0; Win64; x64) AppleWebKit/537.36 (KHTML, like Gecko) Chrome/102.0.5005.63 Safari/537.36'
    'HTTP_ACCEPT' => 'text/html,application/xhtml+xml,application/xml;q=0.9,image/avif,image/webp,image/apng,*/*;q=0.8,application/signed-exchange;v=b3;q=0.9'
    'HTTP_SEC_FETCH_SITE' => 'none'
    'HTTP_SEC_FETCH_MODE' => 'navigate'
    'HTTP_SEC_FETCH_USER' => '?1'
    'HTTP_SEC_FETCH_DEST' => 'document'
    'HTTP_ACCEPT_ENCODING' => 'gzip, deflate, br'
    'HTTP_ACCEPT_LANGUAGE' => 'en-US,en;q=0.9,id;q=0.8'
    'HTTP_COOKIE' => 'PHPSESSID=aslaeulfdfpicgi0vntfacppc5; _csrf=cafdd5093f9336efd75aea721d0f175be974a47b74b19701f24d7e38614d4765a%3A2%3A%7Bi%3A0%3Bs%3A5%3A%22_csrf%22%3Bi%3A1%3Bs%3A32%3A%22ja1VBuYbu_gh4q6a4x1EYGVHjULuY4Xa%22%3B%7D'
    'PATH' => 'C:\\WINDOWS\\system32;C:\\WINDOWS;C:\\WINDOWS\\System32\\Wbem;C:\\WINDOWS\\System32\\WindowsPowerShell\\v1.0\\;C:\\WINDOWS\\System32\\OpenSSH\\;C:\\Program Files\\PuTTY\\;C:\\ProgramData\\ComposerSetup\\bin;C:\\Program Files\\nodejs\\;C:\\Program Files\\Git\\cmd;C:\\wamp64\\bin\\php\\php8.0.13;C:\\wamp64\\bin\\php\\php7.2.34;C:\\WINDOWS\\system32\\config\\systemprofile\\AppData\\Local\\Microsoft\\WindowsApps'
    'SystemRoot' => 'C:\\WINDOWS'
    'COMSPEC' => 'C:\\WINDOWS\\system32\\cmd.exe'
    'PATHEXT' => '.COM;.EXE;.BAT;.CMD;.VBS;.VBE;.JS;.JSE;.WSF;.WSH;.MSC'
    'WINDIR' => 'C:\\WINDOWS'
    'SERVER_SIGNATURE' => '<address>Apache/2.4.51 (Win64) PHP/7.2.34 mod_fcgid/2.3.10-dev Server at localhost Port 80</address>
'
    'SERVER_SOFTWARE' => 'Apache/2.4.51 (Win64) PHP/7.2.34 mod_fcgid/2.3.10-dev'
    'SERVER_NAME' => 'localhost'
    'SERVER_ADDR' => '::1'
    'SERVER_PORT' => '80'
    'REMOTE_ADDR' => '::1'
    'DOCUMENT_ROOT' => 'C:/wamp64/www'
    'REQUEST_SCHEME' => 'http'
    'CONTEXT_PREFIX' => ''
    'CONTEXT_DOCUMENT_ROOT' => 'C:/wamp64/www'
    'SERVER_ADMIN' => 'wampserver@wampserver.invalid'
    'SCRIPT_FILENAME' => 'C:/wamp64/www/rekrut/index.php'
    'REMOTE_PORT' => '55494'
    'REDIRECT_URL' => '/rekrut/userrole/index'
    'REDIRECT_QUERY_STRING' => 'userrole/index'
    'GATEWAY_INTERFACE' => 'CGI/1.1'
    'SERVER_PROTOCOL' => 'HTTP/1.1'
    'REQUEST_METHOD' => 'GET'
    'QUERY_STRING' => 'userrole/index'
    'REQUEST_URI' => '/rekrut/userrole/index'
    'SCRIPT_NAME' => '/rekrut/index.php'
    'PHP_SELF' => '/rekrut/index.php'
    'REQUEST_TIME_FLOAT' => 1654744001.26
    'REQUEST_TIME' => 1654744001
]
2022-06-09 10:07:52 [::1][104728][aslaeulfdfpicgi0vntfacppc5][error][yii\web\HttpException:403] yii\web\ForbiddenHttpException: Anda tidak diperbolehkan untuk melakukan aksi ini. in C:\wamp64\www\rekrut\app\vendor\yiisoft\yii2\filters\AccessControl.php:158
Stack trace:
#0 C:\wamp64\www\rekrut\app\vendor\yiisoft\yii2\filters\AccessControl.php(140): yii\filters\AccessControl->denyAccess(Object(yii\web\User))
#1 C:\wamp64\www\rekrut\app\vendor\yiisoft\yii2\base\ActionFilter.php(77): yii\filters\AccessControl->beforeAction(Object(yii\base\InlineAction))
#2 [internal function]: yii\base\ActionFilter->beforeFilter(Object(yii\base\ActionEvent))
#3 C:\wamp64\www\rekrut\app\vendor\yiisoft\yii2\base\Component.php(627): call_user_func(Array, Object(yii\base\ActionEvent))
#4 C:\wamp64\www\rekrut\app\vendor\yiisoft\yii2\base\Controller.php(274): yii\base\Component->trigger('beforeAction', Object(yii\base\ActionEvent))
#5 C:\wamp64\www\rekrut\app\vendor\yiisoft\yii2\web\Controller.php(164): yii\base\Controller->beforeAction(Object(yii\base\InlineAction))
#6 C:\wamp64\www\rekrut\app\vendor\yiisoft\yii2\base\Controller.php(155): yii\web\Controller->beforeAction(Object(yii\base\InlineAction))
#7 C:\wamp64\www\rekrut\app\vendor\yiisoft\yii2\base\Module.php(528): yii\base\Controller->runAction('index', Array)
#8 C:\wamp64\www\rekrut\app\vendor\yiisoft\yii2\web\Application.php(103): yii\base\Module->runAction('userrole/index', Array)
#9 C:\wamp64\www\rekrut\app\vendor\yiisoft\yii2\base\Application.php(386): yii\web\Application->handleRequest(Object(yii\web\Request))
#10 C:\wamp64\www\rekrut\index.php(19): yii\base\Application->run()
#11 {main}
2022-06-09 10:07:52 [::1][104728][aslaeulfdfpicgi0vntfacppc5][info][application] $_GET = [
    'userrole/index' => ''
]

$_POST = []

$_FILES = []

$_COOKIE = [
    'PHPSESSID' => 'aslaeulfdfpicgi0vntfacppc5'
    '_csrf' => 'cafdd5093f9336efd75aea721d0f175be974a47b74b19701f24d7e38614d4765a:2:{i:0;s:5:\"_csrf\";i:1;s:32:\"ja1VBuYbu_gh4q6a4x1EYGVHjULuY4Xa\";}'
]

$_SESSION = [
    '__flash' => []
    '__id' => 104728
    '__expire' => 1654747672
]

$_SERVER = [
    'REDIRECT_STATUS' => '200'
    'HTTP_HOST' => 'localhost'
    'HTTP_CONNECTION' => 'keep-alive'
    'HTTP_CACHE_CONTROL' => 'max-age=0'
    'HTTP_SEC_CH_UA' => '\" Not A;Brand\";v=\"99\", \"Chromium\";v=\"102\", \"Google Chrome\";v=\"102\"'
    'HTTP_SEC_CH_UA_MOBILE' => '?0'
    'HTTP_SEC_CH_UA_PLATFORM' => '\"Windows\"'
    'HTTP_UPGRADE_INSECURE_REQUESTS' => '1'
    'HTTP_USER_AGENT' => 'Mozilla/5.0 (Windows NT 10.0; Win64; x64) AppleWebKit/537.36 (KHTML, like Gecko) Chrome/102.0.5005.63 Safari/537.36'
    'HTTP_ACCEPT' => 'text/html,application/xhtml+xml,application/xml;q=0.9,image/avif,image/webp,image/apng,*/*;q=0.8,application/signed-exchange;v=b3;q=0.9'
    'HTTP_SEC_FETCH_SITE' => 'none'
    'HTTP_SEC_FETCH_MODE' => 'navigate'
    'HTTP_SEC_FETCH_USER' => '?1'
    'HTTP_SEC_FETCH_DEST' => 'document'
    'HTTP_ACCEPT_ENCODING' => 'gzip, deflate, br'
    'HTTP_ACCEPT_LANGUAGE' => 'en-US,en;q=0.9,id;q=0.8'
    'HTTP_COOKIE' => 'PHPSESSID=aslaeulfdfpicgi0vntfacppc5; _csrf=cafdd5093f9336efd75aea721d0f175be974a47b74b19701f24d7e38614d4765a%3A2%3A%7Bi%3A0%3Bs%3A5%3A%22_csrf%22%3Bi%3A1%3Bs%3A32%3A%22ja1VBuYbu_gh4q6a4x1EYGVHjULuY4Xa%22%3B%7D'
    'PATH' => 'C:\\WINDOWS\\system32;C:\\WINDOWS;C:\\WINDOWS\\System32\\Wbem;C:\\WINDOWS\\System32\\WindowsPowerShell\\v1.0\\;C:\\WINDOWS\\System32\\OpenSSH\\;C:\\Program Files\\PuTTY\\;C:\\ProgramData\\ComposerSetup\\bin;C:\\Program Files\\nodejs\\;C:\\Program Files\\Git\\cmd;C:\\wamp64\\bin\\php\\php8.0.13;C:\\wamp64\\bin\\php\\php7.2.34;C:\\WINDOWS\\system32\\config\\systemprofile\\AppData\\Local\\Microsoft\\WindowsApps'
    'SystemRoot' => 'C:\\WINDOWS'
    'COMSPEC' => 'C:\\WINDOWS\\system32\\cmd.exe'
    'PATHEXT' => '.COM;.EXE;.BAT;.CMD;.VBS;.VBE;.JS;.JSE;.WSF;.WSH;.MSC'
    'WINDIR' => 'C:\\WINDOWS'
    'SERVER_SIGNATURE' => '<address>Apache/2.4.51 (Win64) PHP/7.2.34 mod_fcgid/2.3.10-dev Server at localhost Port 80</address>
'
    'SERVER_SOFTWARE' => 'Apache/2.4.51 (Win64) PHP/7.2.34 mod_fcgid/2.3.10-dev'
    'SERVER_NAME' => 'localhost'
    'SERVER_ADDR' => '::1'
    'SERVER_PORT' => '80'
    'REMOTE_ADDR' => '::1'
    'DOCUMENT_ROOT' => 'C:/wamp64/www'
    'REQUEST_SCHEME' => 'http'
    'CONTEXT_PREFIX' => ''
    'CONTEXT_DOCUMENT_ROOT' => 'C:/wamp64/www'
    'SERVER_ADMIN' => 'wampserver@wampserver.invalid'
    'SCRIPT_FILENAME' => 'C:/wamp64/www/rekrut/index.php'
    'REMOTE_PORT' => '55533'
    'REDIRECT_URL' => '/rekrut/userrole/index'
    'REDIRECT_QUERY_STRING' => 'userrole/index'
    'GATEWAY_INTERFACE' => 'CGI/1.1'
    'SERVER_PROTOCOL' => 'HTTP/1.1'
    'REQUEST_METHOD' => 'GET'
    'QUERY_STRING' => 'userrole/index'
    'REQUEST_URI' => '/rekrut/userrole/index'
    'SCRIPT_NAME' => '/rekrut/index.php'
    'PHP_SELF' => '/rekrut/index.php'
    'REQUEST_TIME_FLOAT' => 1654744072.139
    'REQUEST_TIME' => 1654744072
]
2022-06-09 10:33:08 [::1][104728][aslaeulfdfpicgi0vntfacppc5][error][yii\base\ErrorException:8] yii\base\ErrorException: Object of class yii\data\ActiveDataProvider could not be converted to int in C:\wamp64\www\rekrut\app\views\report\reporthiring.php:84
Stack trace:
#0 C:\wamp64\www\rekrut\app\views\report\reporthiring.php(84): yii\base\ErrorHandler->handleError(8, 'Object of class...', 'C:\\wamp64\\www\\r...', 84, Array)
#1 C:\wamp64\www\rekrut\app\vendor\yiisoft\yii2\base\View.php(336): require('C:\\wamp64\\www\\r...')
#2 C:\wamp64\www\rekrut\app\vendor\yiisoft\yii2\base\View.php(254): yii\base\View->renderPhpFile('C:\\wamp64\\www\\r...', Array)
#3 C:\wamp64\www\rekrut\app\vendor\yiisoft\yii2\base\View.php(156): yii\base\View->renderFile('C:\\wamp64\\www\\r...', Array, Object(app\controllers\ReportController))
#4 C:\wamp64\www\rekrut\app\vendor\yiisoft\yii2\base\Controller.php(384): yii\base\View->render('reporthiring', Array, Object(app\controllers\ReportController))
#5 C:\wamp64\www\rekrut\app\controllers\ReportController.php(164): yii\base\Controller->render('reporthiring', Array)
#6 [internal function]: app\controllers\ReportController->actionReporthiring()
#7 C:\wamp64\www\rekrut\app\vendor\yiisoft\yii2\base\InlineAction.php(57): call_user_func_array(Array, Array)
#8 C:\wamp64\www\rekrut\app\vendor\yiisoft\yii2\base\Controller.php(157): yii\base\InlineAction->runWithParams(Array)
#9 C:\wamp64\www\rekrut\app\vendor\yiisoft\yii2\base\Module.php(528): yii\base\Controller->runAction('reporthiring', Array)
#10 C:\wamp64\www\rekrut\app\vendor\yiisoft\yii2\web\Application.php(103): yii\base\Module->runAction('report/reporthi...', Array)
#11 C:\wamp64\www\rekrut\app\vendor\yiisoft\yii2\base\Application.php(386): yii\web\Application->handleRequest(Object(yii\web\Request))
#12 C:\wamp64\www\rekrut\index.php(19): yii\base\Application->run()
#13 {main}
2022-06-09 10:33:08 [::1][104728][aslaeulfdfpicgi0vntfacppc5][info][application] $_GET = [
    'report/reporthiring' => ''
]

$_POST = []

$_FILES = []

$_COOKIE = [
    'PHPSESSID' => 'aslaeulfdfpicgi0vntfacppc5'
    '_csrf' => 'cafdd5093f9336efd75aea721d0f175be974a47b74b19701f24d7e38614d4765a:2:{i:0;s:5:\"_csrf\";i:1;s:32:\"ja1VBuYbu_gh4q6a4x1EYGVHjULuY4Xa\";}'
]

$_SESSION = [
    '__flash' => []
    '__id' => 104728
    '__expire' => 1654749188
]

$_SERVER = [
    'REDIRECT_STATUS' => '200'
    'HTTP_HOST' => 'localhost'
    'HTTP_CONNECTION' => 'keep-alive'
    'HTTP_SEC_CH_UA' => '\" Not A;Brand\";v=\"99\", \"Chromium\";v=\"102\", \"Google Chrome\";v=\"102\"'
    'HTTP_SEC_CH_UA_MOBILE' => '?0'
    'HTTP_SEC_CH_UA_PLATFORM' => '\"Windows\"'
    'HTTP_UPGRADE_INSECURE_REQUESTS' => '1'
    'HTTP_USER_AGENT' => 'Mozilla/5.0 (Windows NT 10.0; Win64; x64) AppleWebKit/537.36 (KHTML, like Gecko) Chrome/102.0.5005.63 Safari/537.36'
    'HTTP_ACCEPT' => 'text/html,application/xhtml+xml,application/xml;q=0.9,image/avif,image/webp,image/apng,*/*;q=0.8,application/signed-exchange;v=b3;q=0.9'
    'HTTP_SEC_FETCH_SITE' => 'same-origin'
    'HTTP_SEC_FETCH_MODE' => 'navigate'
    'HTTP_SEC_FETCH_USER' => '?1'
    'HTTP_SEC_FETCH_DEST' => 'document'
    'HTTP_REFERER' => 'http://localhost/rekrut/userrole/index'
    'HTTP_ACCEPT_ENCODING' => 'gzip, deflate, br'
    'HTTP_ACCEPT_LANGUAGE' => 'en-US,en;q=0.9,id;q=0.8'
    'HTTP_COOKIE' => 'PHPSESSID=aslaeulfdfpicgi0vntfacppc5; _csrf=cafdd5093f9336efd75aea721d0f175be974a47b74b19701f24d7e38614d4765a%3A2%3A%7Bi%3A0%3Bs%3A5%3A%22_csrf%22%3Bi%3A1%3Bs%3A32%3A%22ja1VBuYbu_gh4q6a4x1EYGVHjULuY4Xa%22%3B%7D'
    'PATH' => 'C:\\WINDOWS\\system32;C:\\WINDOWS;C:\\WINDOWS\\System32\\Wbem;C:\\WINDOWS\\System32\\WindowsPowerShell\\v1.0\\;C:\\WINDOWS\\System32\\OpenSSH\\;C:\\Program Files\\PuTTY\\;C:\\ProgramData\\ComposerSetup\\bin;C:\\Program Files\\nodejs\\;C:\\Program Files\\Git\\cmd;C:\\wamp64\\bin\\php\\php8.0.13;C:\\wamp64\\bin\\php\\php7.2.34;C:\\WINDOWS\\system32\\config\\systemprofile\\AppData\\Local\\Microsoft\\WindowsApps'
    'SystemRoot' => 'C:\\WINDOWS'
    'COMSPEC' => 'C:\\WINDOWS\\system32\\cmd.exe'
    'PATHEXT' => '.COM;.EXE;.BAT;.CMD;.VBS;.VBE;.JS;.JSE;.WSF;.WSH;.MSC'
    'WINDIR' => 'C:\\WINDOWS'
    'SERVER_SIGNATURE' => '<address>Apache/2.4.51 (Win64) PHP/7.2.34 mod_fcgid/2.3.10-dev Server at localhost Port 80</address>
'
    'SERVER_SOFTWARE' => 'Apache/2.4.51 (Win64) PHP/7.2.34 mod_fcgid/2.3.10-dev'
    'SERVER_NAME' => 'localhost'
    'SERVER_ADDR' => '::1'
    'SERVER_PORT' => '80'
    'REMOTE_ADDR' => '::1'
    'DOCUMENT_ROOT' => 'C:/wamp64/www'
    'REQUEST_SCHEME' => 'http'
    'CONTEXT_PREFIX' => ''
    'CONTEXT_DOCUMENT_ROOT' => 'C:/wamp64/www'
    'SERVER_ADMIN' => 'wampserver@wampserver.invalid'
    'SCRIPT_FILENAME' => 'C:/wamp64/www/rekrut/index.php'
    'REMOTE_PORT' => '55853'
    'REDIRECT_URL' => '/rekrut/report/reporthiring'
    'REDIRECT_QUERY_STRING' => 'report/reporthiring'
    'GATEWAY_INTERFACE' => 'CGI/1.1'
    'SERVER_PROTOCOL' => 'HTTP/1.1'
    'REQUEST_METHOD' => 'GET'
    'QUERY_STRING' => 'report/reporthiring'
    'REQUEST_URI' => '/rekrut/report/reporthiring'
    'SCRIPT_NAME' => '/rekrut/index.php'
    'PHP_SELF' => '/rekrut/index.php'
    'REQUEST_TIME_FLOAT' => 1654745588.464
    'REQUEST_TIME' => 1654745588
]
2022-06-09 10:34:28 [::1][104728][aslaeulfdfpicgi0vntfacppc5][error][yii\web\HttpException:404] yii\base\InvalidRouteException: Unable to resolve the request "css/frontend/bootstrap.css.map". in C:\wamp64\www\rekrut\app\vendor\yiisoft\yii2\base\Module.php:537
Stack trace:
#0 C:\wamp64\www\rekrut\app\vendor\yiisoft\yii2\web\Application.php(103): yii\base\Module->runAction('css/frontend/bo...', Array)
#1 C:\wamp64\www\rekrut\app\vendor\yiisoft\yii2\base\Application.php(386): yii\web\Application->handleRequest(Object(yii\web\Request))
#2 C:\wamp64\www\rekrut\index.php(19): yii\base\Application->run()
#3 {main}

Next yii\web\NotFoundHttpException: Halaman tidak ditemukan. in C:\wamp64\www\rekrut\app\vendor\yiisoft\yii2\web\Application.php:115
Stack trace:
#0 C:\wamp64\www\rekrut\app\vendor\yiisoft\yii2\base\Application.php(386): yii\web\Application->handleRequest(Object(yii\web\Request))
#1 C:\wamp64\www\rekrut\index.php(19): yii\base\Application->run()
#2 {main}
2022-06-09 10:34:27 [::1][104728][aslaeulfdfpicgi0vntfacppc5][info][application] $_GET = [
    'css/frontend/bootstrap_css_map' => ''
]

$_POST = []

$_FILES = []

$_COOKIE = [
    'PHPSESSID' => 'aslaeulfdfpicgi0vntfacppc5'
    '_csrf' => 'cafdd5093f9336efd75aea721d0f175be974a47b74b19701f24d7e38614d4765a:2:{i:0;s:5:\"_csrf\";i:1;s:32:\"ja1VBuYbu_gh4q6a4x1EYGVHjULuY4Xa\";}'
]

$_SESSION = [
    '__flash' => []
    '__id' => 104728
    '__expire' => 1654749268
]

$_SERVER = [
    'REDIRECT_STATUS' => '200'
    'HTTP_HOST' => 'localhost'
    'HTTP_CONNECTION' => 'keep-alive'
    'HTTP_PRAGMA' => 'no-cache'
    'HTTP_CACHE_CONTROL' => 'no-cache'
    'HTTP_SEC_FETCH_SITE' => 'same-origin'
    'HTTP_SEC_FETCH_MODE' => 'no-cors'
    'HTTP_SEC_FETCH_DEST' => 'empty'
    'HTTP_USER_AGENT' => 'Mozilla/5.0 (Windows NT 10.0; Win64; x64) AppleWebKit/537.36 (KHTML, like Gecko) Chrome/102.0.5005.63 Safari/537.36'
    'HTTP_ACCEPT_ENCODING' => 'gzip, deflate, br'
    'HTTP_ACCEPT_LANGUAGE' => 'en-US,en;q=0.9,id;q=0.8'
    'HTTP_COOKIE' => 'PHPSESSID=aslaeulfdfpicgi0vntfacppc5; _csrf=cafdd5093f9336efd75aea721d0f175be974a47b74b19701f24d7e38614d4765a%3A2%3A%7Bi%3A0%3Bs%3A5%3A%22_csrf%22%3Bi%3A1%3Bs%3A32%3A%22ja1VBuYbu_gh4q6a4x1EYGVHjULuY4Xa%22%3B%7D'
    'PATH' => 'C:\\WINDOWS\\system32;C:\\WINDOWS;C:\\WINDOWS\\System32\\Wbem;C:\\WINDOWS\\System32\\WindowsPowerShell\\v1.0\\;C:\\WINDOWS\\System32\\OpenSSH\\;C:\\Program Files\\PuTTY\\;C:\\ProgramData\\ComposerSetup\\bin;C:\\Program Files\\nodejs\\;C:\\Program Files\\Git\\cmd;C:\\wamp64\\bin\\php\\php8.0.13;C:\\wamp64\\bin\\php\\php7.2.34;C:\\WINDOWS\\system32\\config\\systemprofile\\AppData\\Local\\Microsoft\\WindowsApps'
    'SystemRoot' => 'C:\\WINDOWS'
    'COMSPEC' => 'C:\\WINDOWS\\system32\\cmd.exe'
    'PATHEXT' => '.COM;.EXE;.BAT;.CMD;.VBS;.VBE;.JS;.JSE;.WSF;.WSH;.MSC'
    'WINDIR' => 'C:\\WINDOWS'
    'SERVER_SIGNATURE' => '<address>Apache/2.4.51 (Win64) PHP/7.2.34 mod_fcgid/2.3.10-dev Server at localhost Port 80</address>
'
    'SERVER_SOFTWARE' => 'Apache/2.4.51 (Win64) PHP/7.2.34 mod_fcgid/2.3.10-dev'
    'SERVER_NAME' => 'localhost'
    'SERVER_ADDR' => '::1'
    'SERVER_PORT' => '80'
    'REMOTE_ADDR' => '::1'
    'DOCUMENT_ROOT' => 'C:/wamp64/www'
    'REQUEST_SCHEME' => 'http'
    'CONTEXT_PREFIX' => ''
    'CONTEXT_DOCUMENT_ROOT' => 'C:/wamp64/www'
    'SERVER_ADMIN' => 'wampserver@wampserver.invalid'
    'SCRIPT_FILENAME' => 'C:/wamp64/www/rekrut/index.php'
    'REMOTE_PORT' => '55888'
    'REDIRECT_URL' => '/rekrut/css/frontend/bootstrap.css.map'
    'REDIRECT_QUERY_STRING' => 'css/frontend/bootstrap.css.map'
    'GATEWAY_INTERFACE' => 'CGI/1.1'
    'SERVER_PROTOCOL' => 'HTTP/1.1'
    'REQUEST_METHOD' => 'GET'
    'QUERY_STRING' => 'css/frontend/bootstrap.css.map'
    'REQUEST_URI' => '/rekrut/css/frontend/bootstrap.css.map'
    'SCRIPT_NAME' => '/rekrut/index.php'
    'PHP_SELF' => '/rekrut/index.php'
    'REQUEST_TIME_FLOAT' => 1654745667.957
    'REQUEST_TIME' => 1654745667
]
2022-06-09 10:36:50 [::1][104728][aslaeulfdfpicgi0vntfacppc5][error][Error] Error: Cannot use object of type yii\data\ActiveDataProvider as array in C:\wamp64\www\rekrut\app\models\Hiringreport.php:89
Stack trace:
#0 C:\wamp64\www\rekrut\app\controllers\ReportController.php(147): app\models\Hiringreport->search(Array)
#1 [internal function]: app\controllers\ReportController->actionReporthiring()
#2 C:\wamp64\www\rekrut\app\vendor\yiisoft\yii2\base\InlineAction.php(57): call_user_func_array(Array, Array)
#3 C:\wamp64\www\rekrut\app\vendor\yiisoft\yii2\base\Controller.php(157): yii\base\InlineAction->runWithParams(Array)
#4 C:\wamp64\www\rekrut\app\vendor\yiisoft\yii2\base\Module.php(528): yii\base\Controller->runAction('reporthiring', Array)
#5 C:\wamp64\www\rekrut\app\vendor\yiisoft\yii2\web\Application.php(103): yii\base\Module->runAction('report/reporthi...', Array)
#6 C:\wamp64\www\rekrut\app\vendor\yiisoft\yii2\base\Application.php(386): yii\web\Application->handleRequest(Object(yii\web\Request))
#7 C:\wamp64\www\rekrut\index.php(19): yii\base\Application->run()
#8 {main}
2022-06-09 10:36:50 [::1][104728][aslaeulfdfpicgi0vntfacppc5][info][application] $_GET = [
    'report/reporthiring' => ''
]

$_POST = []

$_FILES = []

$_COOKIE = [
    'PHPSESSID' => 'aslaeulfdfpicgi0vntfacppc5'
    '_csrf' => 'cafdd5093f9336efd75aea721d0f175be974a47b74b19701f24d7e38614d4765a:2:{i:0;s:5:\"_csrf\";i:1;s:32:\"ja1VBuYbu_gh4q6a4x1EYGVHjULuY4Xa\";}'
]

$_SESSION = [
    '__flash' => []
    '__id' => 104728
    '__expire' => 1654749410
]

$_SERVER = [
    'REDIRECT_STATUS' => '200'
    'HTTP_HOST' => 'localhost'
    'HTTP_CONNECTION' => 'keep-alive'
    'HTTP_PRAGMA' => 'no-cache'
    'HTTP_CACHE_CONTROL' => 'no-cache'
    'HTTP_SEC_CH_UA' => '\" Not A;Brand\";v=\"99\", \"Chromium\";v=\"102\", \"Google Chrome\";v=\"102\"'
    'HTTP_SEC_CH_UA_MOBILE' => '?0'
    'HTTP_SEC_CH_UA_PLATFORM' => '\"Windows\"'
    'HTTP_UPGRADE_INSECURE_REQUESTS' => '1'
    'HTTP_USER_AGENT' => 'Mozilla/5.0 (Windows NT 10.0; Win64; x64) AppleWebKit/537.36 (KHTML, like Gecko) Chrome/102.0.5005.63 Safari/537.36'
    'HTTP_ACCEPT' => 'text/html,application/xhtml+xml,application/xml;q=0.9,image/avif,image/webp,image/apng,*/*;q=0.8,application/signed-exchange;v=b3;q=0.9'
    'HTTP_SEC_FETCH_SITE' => 'same-origin'
    'HTTP_SEC_FETCH_MODE' => 'navigate'
    'HTTP_SEC_FETCH_USER' => '?1'
    'HTTP_SEC_FETCH_DEST' => 'document'
    'HTTP_REFERER' => 'http://localhost/rekrut/userrole/index'
    'HTTP_ACCEPT_ENCODING' => 'gzip, deflate, br'
    'HTTP_ACCEPT_LANGUAGE' => 'en-US,en;q=0.9,id;q=0.8'
    'HTTP_COOKIE' => 'PHPSESSID=aslaeulfdfpicgi0vntfacppc5; _csrf=cafdd5093f9336efd75aea721d0f175be974a47b74b19701f24d7e38614d4765a%3A2%3A%7Bi%3A0%3Bs%3A5%3A%22_csrf%22%3Bi%3A1%3Bs%3A32%3A%22ja1VBuYbu_gh4q6a4x1EYGVHjULuY4Xa%22%3B%7D'
    'PATH' => 'C:\\WINDOWS\\system32;C:\\WINDOWS;C:\\WINDOWS\\System32\\Wbem;C:\\WINDOWS\\System32\\WindowsPowerShell\\v1.0\\;C:\\WINDOWS\\System32\\OpenSSH\\;C:\\Program Files\\PuTTY\\;C:\\ProgramData\\ComposerSetup\\bin;C:\\Program Files\\nodejs\\;C:\\Program Files\\Git\\cmd;C:\\wamp64\\bin\\php\\php8.0.13;C:\\wamp64\\bin\\php\\php7.2.34;C:\\WINDOWS\\system32\\config\\systemprofile\\AppData\\Local\\Microsoft\\WindowsApps'
    'SystemRoot' => 'C:\\WINDOWS'
    'COMSPEC' => 'C:\\WINDOWS\\system32\\cmd.exe'
    'PATHEXT' => '.COM;.EXE;.BAT;.CMD;.VBS;.VBE;.JS;.JSE;.WSF;.WSH;.MSC'
    'WINDIR' => 'C:\\WINDOWS'
    'SERVER_SIGNATURE' => '<address>Apache/2.4.51 (Win64) PHP/7.2.34 mod_fcgid/2.3.10-dev Server at localhost Port 80</address>
'
    'SERVER_SOFTWARE' => 'Apache/2.4.51 (Win64) PHP/7.2.34 mod_fcgid/2.3.10-dev'
    'SERVER_NAME' => 'localhost'
    'SERVER_ADDR' => '::1'
    'SERVER_PORT' => '80'
    'REMOTE_ADDR' => '::1'
    'DOCUMENT_ROOT' => 'C:/wamp64/www'
    'REQUEST_SCHEME' => 'http'
    'CONTEXT_PREFIX' => ''
    'CONTEXT_DOCUMENT_ROOT' => 'C:/wamp64/www'
    'SERVER_ADMIN' => 'wampserver@wampserver.invalid'
    'SCRIPT_FILENAME' => 'C:/wamp64/www/rekrut/index.php'
    'REMOTE_PORT' => '55915'
    'REDIRECT_URL' => '/rekrut/report/reporthiring'
    'REDIRECT_QUERY_STRING' => 'report/reporthiring'
    'GATEWAY_INTERFACE' => 'CGI/1.1'
    'SERVER_PROTOCOL' => 'HTTP/1.1'
    'REQUEST_METHOD' => 'GET'
    'QUERY_STRING' => 'report/reporthiring'
    'REQUEST_URI' => '/rekrut/report/reporthiring'
    'SCRIPT_NAME' => '/rekrut/index.php'
    'PHP_SELF' => '/rekrut/index.php'
    'REQUEST_TIME_FLOAT' => 1654745810.29
    'REQUEST_TIME' => 1654745810
]
2022-06-09 10:39:04 [::1][104728][aslaeulfdfpicgi0vntfacppc5][error][yii\base\ErrorException:8] yii\base\ErrorException: Array to string conversion in C:\wamp64\www\rekrut\app\views\report\reporthiring.php:87
Stack trace:
#0 C:\wamp64\www\rekrut\app\views\report\reporthiring.php(87): yii\base\ErrorHandler->handleError(8, 'Array to string...', 'C:\\wamp64\\www\\r...', 87, Array)
#1 C:\wamp64\www\rekrut\app\vendor\yiisoft\yii2\base\View.php(336): require('C:\\wamp64\\www\\r...')
#2 C:\wamp64\www\rekrut\app\vendor\yiisoft\yii2\base\View.php(254): yii\base\View->renderPhpFile('C:\\wamp64\\www\\r...', Array)
#3 C:\wamp64\www\rekrut\app\vendor\yiisoft\yii2\base\View.php(156): yii\base\View->renderFile('C:\\wamp64\\www\\r...', Array, Object(app\controllers\ReportController))
#4 C:\wamp64\www\rekrut\app\vendor\yiisoft\yii2\base\Controller.php(384): yii\base\View->render('reporthiring', Array, Object(app\controllers\ReportController))
#5 C:\wamp64\www\rekrut\app\controllers\ReportController.php(164): yii\base\Controller->render('reporthiring', Array)
#6 [internal function]: app\controllers\ReportController->actionReporthiring()
#7 C:\wamp64\www\rekrut\app\vendor\yiisoft\yii2\base\InlineAction.php(57): call_user_func_array(Array, Array)
#8 C:\wamp64\www\rekrut\app\vendor\yiisoft\yii2\base\Controller.php(157): yii\base\InlineAction->runWithParams(Array)
#9 C:\wamp64\www\rekrut\app\vendor\yiisoft\yii2\base\Module.php(528): yii\base\Controller->runAction('reporthiring', Array)
#10 C:\wamp64\www\rekrut\app\vendor\yiisoft\yii2\web\Application.php(103): yii\base\Module->runAction('report/reporthi...', Array)
#11 C:\wamp64\www\rekrut\app\vendor\yiisoft\yii2\base\Application.php(386): yii\web\Application->handleRequest(Object(yii\web\Request))
#12 C:\wamp64\www\rekrut\index.php(19): yii\base\Application->run()
#13 {main}
2022-06-09 10:39:04 [::1][104728][aslaeulfdfpicgi0vntfacppc5][info][application] $_GET = [
    'report/reporthiring' => ''
]

$_POST = []

$_FILES = []

$_COOKIE = [
    'PHPSESSID' => 'aslaeulfdfpicgi0vntfacppc5'
    '_csrf' => 'cafdd5093f9336efd75aea721d0f175be974a47b74b19701f24d7e38614d4765a:2:{i:0;s:5:\"_csrf\";i:1;s:32:\"ja1VBuYbu_gh4q6a4x1EYGVHjULuY4Xa\";}'
]

$_SESSION = [
    '__flash' => []
    '__id' => 104728
    '__expire' => 1654749544
]

$_SERVER = [
    'REDIRECT_STATUS' => '200'
    'HTTP_HOST' => 'localhost'
    'HTTP_CONNECTION' => 'keep-alive'
    'HTTP_PRAGMA' => 'no-cache'
    'HTTP_CACHE_CONTROL' => 'no-cache'
    'HTTP_SEC_CH_UA' => '\" Not A;Brand\";v=\"99\", \"Chromium\";v=\"102\", \"Google Chrome\";v=\"102\"'
    'HTTP_SEC_CH_UA_MOBILE' => '?0'
    'HTTP_SEC_CH_UA_PLATFORM' => '\"Windows\"'
    'HTTP_UPGRADE_INSECURE_REQUESTS' => '1'
    'HTTP_USER_AGENT' => 'Mozilla/5.0 (Windows NT 10.0; Win64; x64) AppleWebKit/537.36 (KHTML, like Gecko) Chrome/102.0.5005.63 Safari/537.36'
    'HTTP_ACCEPT' => 'text/html,application/xhtml+xml,application/xml;q=0.9,image/avif,image/webp,image/apng,*/*;q=0.8,application/signed-exchange;v=b3;q=0.9'
    'HTTP_SEC_FETCH_SITE' => 'same-origin'
    'HTTP_SEC_FETCH_MODE' => 'navigate'
    'HTTP_SEC_FETCH_USER' => '?1'
    'HTTP_SEC_FETCH_DEST' => 'document'
    'HTTP_REFERER' => 'http://localhost/rekrut/userrole/index'
    'HTTP_ACCEPT_ENCODING' => 'gzip, deflate, br'
    'HTTP_ACCEPT_LANGUAGE' => 'en-US,en;q=0.9,id;q=0.8'
    'HTTP_COOKIE' => 'PHPSESSID=aslaeulfdfpicgi0vntfacppc5; _csrf=cafdd5093f9336efd75aea721d0f175be974a47b74b19701f24d7e38614d4765a%3A2%3A%7Bi%3A0%3Bs%3A5%3A%22_csrf%22%3Bi%3A1%3Bs%3A32%3A%22ja1VBuYbu_gh4q6a4x1EYGVHjULuY4Xa%22%3B%7D'
    'PATH' => 'C:\\WINDOWS\\system32;C:\\WINDOWS;C:\\WINDOWS\\System32\\Wbem;C:\\WINDOWS\\System32\\WindowsPowerShell\\v1.0\\;C:\\WINDOWS\\System32\\OpenSSH\\;C:\\Program Files\\PuTTY\\;C:\\ProgramData\\ComposerSetup\\bin;C:\\Program Files\\nodejs\\;C:\\Program Files\\Git\\cmd;C:\\wamp64\\bin\\php\\php8.0.13;C:\\wamp64\\bin\\php\\php7.2.34;C:\\WINDOWS\\system32\\config\\systemprofile\\AppData\\Local\\Microsoft\\WindowsApps'
    'SystemRoot' => 'C:\\WINDOWS'
    'COMSPEC' => 'C:\\WINDOWS\\system32\\cmd.exe'
    'PATHEXT' => '.COM;.EXE;.BAT;.CMD;.VBS;.VBE;.JS;.JSE;.WSF;.WSH;.MSC'
    'WINDIR' => 'C:\\WINDOWS'
    'SERVER_SIGNATURE' => '<address>Apache/2.4.51 (Win64) PHP/7.2.34 mod_fcgid/2.3.10-dev Server at localhost Port 80</address>
'
    'SERVER_SOFTWARE' => 'Apache/2.4.51 (Win64) PHP/7.2.34 mod_fcgid/2.3.10-dev'
    'SERVER_NAME' => 'localhost'
    'SERVER_ADDR' => '::1'
    'SERVER_PORT' => '80'
    'REMOTE_ADDR' => '::1'
    'DOCUMENT_ROOT' => 'C:/wamp64/www'
    'REQUEST_SCHEME' => 'http'
    'CONTEXT_PREFIX' => ''
    'CONTEXT_DOCUMENT_ROOT' => 'C:/wamp64/www'
    'SERVER_ADMIN' => 'wampserver@wampserver.invalid'
    'SCRIPT_FILENAME' => 'C:/wamp64/www/rekrut/index.php'
    'REMOTE_PORT' => '55963'
    'REDIRECT_URL' => '/rekrut/report/reporthiring'
    'REDIRECT_QUERY_STRING' => 'report/reporthiring'
    'GATEWAY_INTERFACE' => 'CGI/1.1'
    'SERVER_PROTOCOL' => 'HTTP/1.1'
    'REQUEST_METHOD' => 'GET'
    'QUERY_STRING' => 'report/reporthiring'
    'REQUEST_URI' => '/rekrut/report/reporthiring'
    'SCRIPT_NAME' => '/rekrut/index.php'
    'PHP_SELF' => '/rekrut/index.php'
    'REQUEST_TIME_FLOAT' => 1654745944.62
    'REQUEST_TIME' => 1654745944
]
2022-06-09 10:40:36 [::1][104728][aslaeulfdfpicgi0vntfacppc5][error][yii\base\UnknownMethodException] yii\base\UnknownMethodException: Calling unknown method: yii\data\ActiveDataProvider::count() in C:\wamp64\www\rekrut\app\vendor\yiisoft\yii2\base\Component.php:300
Stack trace:
#0 C:\wamp64\www\rekrut\app\views\report\reporthiring.php(88): yii\base\Component->__call('count', Array)
#1 C:\wamp64\www\rekrut\app\vendor\yiisoft\yii2\base\View.php(336): require('C:\\wamp64\\www\\r...')
#2 C:\wamp64\www\rekrut\app\vendor\yiisoft\yii2\base\View.php(254): yii\base\View->renderPhpFile('C:\\wamp64\\www\\r...', Array)
#3 C:\wamp64\www\rekrut\app\vendor\yiisoft\yii2\base\View.php(156): yii\base\View->renderFile('C:\\wamp64\\www\\r...', Array, Object(app\controllers\ReportController))
#4 C:\wamp64\www\rekrut\app\vendor\yiisoft\yii2\base\Controller.php(384): yii\base\View->render('reporthiring', Array, Object(app\controllers\ReportController))
#5 C:\wamp64\www\rekrut\app\controllers\ReportController.php(164): yii\base\Controller->render('reporthiring', Array)
#6 [internal function]: app\controllers\ReportController->actionReporthiring()
#7 C:\wamp64\www\rekrut\app\vendor\yiisoft\yii2\base\InlineAction.php(57): call_user_func_array(Array, Array)
#8 C:\wamp64\www\rekrut\app\vendor\yiisoft\yii2\base\Controller.php(157): yii\base\InlineAction->runWithParams(Array)
#9 C:\wamp64\www\rekrut\app\vendor\yiisoft\yii2\base\Module.php(528): yii\base\Controller->runAction('reporthiring', Array)
#10 C:\wamp64\www\rekrut\app\vendor\yiisoft\yii2\web\Application.php(103): yii\base\Module->runAction('report/reporthi...', Array)
#11 C:\wamp64\www\rekrut\app\vendor\yiisoft\yii2\base\Application.php(386): yii\web\Application->handleRequest(Object(yii\web\Request))
#12 C:\wamp64\www\rekrut\index.php(19): yii\base\Application->run()
#13 {main}
2022-06-09 10:40:36 [::1][104728][aslaeulfdfpicgi0vntfacppc5][info][application] $_GET = [
    'report/reporthiring' => ''
]

$_POST = []

$_FILES = []

$_COOKIE = [
    'PHPSESSID' => 'aslaeulfdfpicgi0vntfacppc5'
    '_csrf' => 'cafdd5093f9336efd75aea721d0f175be974a47b74b19701f24d7e38614d4765a:2:{i:0;s:5:\"_csrf\";i:1;s:32:\"ja1VBuYbu_gh4q6a4x1EYGVHjULuY4Xa\";}'
]

$_SESSION = [
    '__flash' => []
    '__id' => 104728
    '__expire' => 1654749636
]

$_SERVER = [
    'REDIRECT_STATUS' => '200'
    'HTTP_HOST' => 'localhost'
    'HTTP_CONNECTION' => 'keep-alive'
    'HTTP_PRAGMA' => 'no-cache'
    'HTTP_CACHE_CONTROL' => 'no-cache'
    'HTTP_SEC_CH_UA' => '\" Not A;Brand\";v=\"99\", \"Chromium\";v=\"102\", \"Google Chrome\";v=\"102\"'
    'HTTP_SEC_CH_UA_MOBILE' => '?0'
    'HTTP_SEC_CH_UA_PLATFORM' => '\"Windows\"'
    'HTTP_UPGRADE_INSECURE_REQUESTS' => '1'
    'HTTP_USER_AGENT' => 'Mozilla/5.0 (Windows NT 10.0; Win64; x64) AppleWebKit/537.36 (KHTML, like Gecko) Chrome/102.0.5005.63 Safari/537.36'
    'HTTP_ACCEPT' => 'text/html,application/xhtml+xml,application/xml;q=0.9,image/avif,image/webp,image/apng,*/*;q=0.8,application/signed-exchange;v=b3;q=0.9'
    'HTTP_SEC_FETCH_SITE' => 'none'
    'HTTP_SEC_FETCH_MODE' => 'navigate'
    'HTTP_SEC_FETCH_USER' => '?1'
    'HTTP_SEC_FETCH_DEST' => 'document'
    'HTTP_ACCEPT_ENCODING' => 'gzip, deflate, br'
    'HTTP_ACCEPT_LANGUAGE' => 'en-US,en;q=0.9,id;q=0.8'
    'HTTP_COOKIE' => 'PHPSESSID=aslaeulfdfpicgi0vntfacppc5; _csrf=cafdd5093f9336efd75aea721d0f175be974a47b74b19701f24d7e38614d4765a%3A2%3A%7Bi%3A0%3Bs%3A5%3A%22_csrf%22%3Bi%3A1%3Bs%3A32%3A%22ja1VBuYbu_gh4q6a4x1EYGVHjULuY4Xa%22%3B%7D'
    'PATH' => 'C:\\WINDOWS\\system32;C:\\WINDOWS;C:\\WINDOWS\\System32\\Wbem;C:\\WINDOWS\\System32\\WindowsPowerShell\\v1.0\\;C:\\WINDOWS\\System32\\OpenSSH\\;C:\\Program Files\\PuTTY\\;C:\\ProgramData\\ComposerSetup\\bin;C:\\Program Files\\nodejs\\;C:\\Program Files\\Git\\cmd;C:\\wamp64\\bin\\php\\php8.0.13;C:\\wamp64\\bin\\php\\php7.2.34;C:\\WINDOWS\\system32\\config\\systemprofile\\AppData\\Local\\Microsoft\\WindowsApps'
    'SystemRoot' => 'C:\\WINDOWS'
    'COMSPEC' => 'C:\\WINDOWS\\system32\\cmd.exe'
    'PATHEXT' => '.COM;.EXE;.BAT;.CMD;.VBS;.VBE;.JS;.JSE;.WSF;.WSH;.MSC'
    'WINDIR' => 'C:\\WINDOWS'
    'SERVER_SIGNATURE' => '<address>Apache/2.4.51 (Win64) PHP/7.2.34 mod_fcgid/2.3.10-dev Server at localhost Port 80</address>
'
    'SERVER_SOFTWARE' => 'Apache/2.4.51 (Win64) PHP/7.2.34 mod_fcgid/2.3.10-dev'
    'SERVER_NAME' => 'localhost'
    'SERVER_ADDR' => '::1'
    'SERVER_PORT' => '80'
    'REMOTE_ADDR' => '::1'
    'DOCUMENT_ROOT' => 'C:/wamp64/www'
    'REQUEST_SCHEME' => 'http'
    'CONTEXT_PREFIX' => ''
    'CONTEXT_DOCUMENT_ROOT' => 'C:/wamp64/www'
    'SERVER_ADMIN' => 'wampserver@wampserver.invalid'
    'SCRIPT_FILENAME' => 'C:/wamp64/www/rekrut/index.php'
    'REMOTE_PORT' => '56041'
    'REDIRECT_URL' => '/rekrut/report/reporthiring'
    'REDIRECT_QUERY_STRING' => 'report/reporthiring'
    'GATEWAY_INTERFACE' => 'CGI/1.1'
    'SERVER_PROTOCOL' => 'HTTP/1.1'
    'REQUEST_METHOD' => 'GET'
    'QUERY_STRING' => 'report/reporthiring'
    'REQUEST_URI' => '/rekrut/report/reporthiring'
    'SCRIPT_NAME' => '/rekrut/index.php'
    'PHP_SELF' => '/rekrut/index.php'
    'REQUEST_TIME_FLOAT' => 1654746036.721
    'REQUEST_TIME' => 1654746036
]
